{"/home/tboutin/Documents/zeu/src/animation-timer.ts": {"path":"/home/tboutin/Documents/zeu/src/animation-timer.ts","statementMap":{"0":{"start":{"line":22,"column":4},"end":{"line":22,"column":null}},"1":{"start":{"line":25,"column":4},"end":{"line":25,"column":null}},"2":{"start":{"line":26,"column":4},"end":{"line":26,"column":null}},"3":{"start":{"line":27,"column":4},"end":{"line":27,"column":null}},"4":{"start":{"line":30,"column":4},"end":{"line":37,"column":null}},"5":{"start":{"line":31,"column":6},"end":{"line":36,"column":null}},"6":{"start":{"line":32,"column":8},"end":{"line":35,"column":null}},"7":{"start":{"line":42,"column":16},"end":{"line":42,"column":null}},"8":{"start":{"line":43,"column":20},"end":{"line":43,"column":null}},"9":{"start":{"line":45,"column":4},"end":{"line":54,"column":null}},"10":{"start":{"line":46,"column":6},"end":{"line":46,"column":null}},"11":{"start":{"line":49,"column":6},"end":{"line":53,"column":null}},"12":{"start":{"line":49,"column":19},"end":{"line":49,"column":22}},"13":{"start":{"line":50,"column":29},"end":{"line":50,"column":null}},"14":{"start":{"line":52,"column":8},"end":{"line":52,"column":null}},"15":{"start":{"line":56,"column":4},"end":{"line":56,"column":null}},"16":{"start":{"line":60,"column":4},"end":{"line":60,"column":null}},"17":{"start":{"line":61,"column":4},"end":{"line":61,"column":null}}},"fnMap":{"0":{"name":"(anonymous_0)","decl":{"start":{"line":20,"column":2},"end":{"line":20,"column":16}},"loc":{"start":{"line":20,"column":16},"end":{"line":38,"column":null}},"line":20},"1":{"name":"(anonymous_1)","decl":{"start":{"line":31,"column":32},"end":{"line":31,"column":38}},"loc":{"start":{"line":31,"column":38},"end":{"line":36,"column":null}},"line":31},"2":{"name":"(anonymous_2)","decl":{"start":{"line":40,"column":2},"end":{"line":40,"column":11}},"loc":{"start":{"line":40,"column":11},"end":{"line":57,"column":null}},"line":40},"3":{"name":"(anonymous_3)","decl":{"start":{"line":59,"column":2},"end":{"line":59,"column":9}},"loc":{"start":{"line":59,"column":22},"end":{"line":62,"column":null}},"line":59}},"branchMap":{"0":{"loc":{"start":{"line":30,"column":4},"end":{"line":37,"column":null}},"type":"if","locations":[{"start":{"line":30,"column":4},"end":{"line":37,"column":null}},{"start":{},"end":{}}],"line":30},"1":{"loc":{"start":{"line":32,"column":15},"end":{"line":35,"column":null}},"type":"binary-expr","locations":[{"start":{"line":32,"column":15},"end":{"line":32,"column":null}},{"start":{"line":33,"column":16},"end":{"line":33,"column":null}},{"start":{"line":34,"column":16},"end":{"line":34,"column":null}},{"start":{"line":35,"column":16},"end":{"line":35,"column":null}}],"line":32},"2":{"loc":{"start":{"line":45,"column":4},"end":{"line":54,"column":null}},"type":"if","locations":[{"start":{"line":45,"column":4},"end":{"line":54,"column":null}},{"start":{},"end":{}}],"line":45}},"s":{"0":2,"1":2,"2":2,"3":2,"4":2,"5":0,"6":0,"7":4,"8":4,"9":4,"10":2,"11":2,"12":2,"13":2,"14":2,"15":4,"16":6,"17":6},"f":{"0":2,"1":0,"2":4,"3":6},"b":{"0":[0,2],"1":[0,0,0,0],"2":[2,2]},"meta":{"lastBranch":3,"lastFunction":4,"lastStatement":18,"seen":{"f:20:2:20:16":0,"s:22:4:22:Infinity":0,"s:25:4:25:Infinity":1,"s:26:4:26:Infinity":2,"s:27:4:27:Infinity":3,"b:30:4:37:Infinity:undefined:undefined:undefined:undefined":0,"s:30:4:37:Infinity":4,"s:31:6:36:Infinity":5,"f:31:32:31:38":1,"s:32:8:35:Infinity":6,"b:32:15:32:Infinity:33:16:33:Infinity:34:16:34:Infinity:35:16:35:Infinity":1,"f:40:2:40:11":2,"s:42:16:42:Infinity":7,"s:43:20:43:Infinity":8,"b:45:4:54:Infinity:undefined:undefined:undefined:undefined":2,"s:45:4:54:Infinity":9,"s:46:6:46:Infinity":10,"s:49:6:53:Infinity":11,"s:49:19:49:22":12,"s:50:29:50:Infinity":13,"s:52:8:52:Infinity":14,"s:56:4:56:Infinity":15,"f:59:2:59:9":3,"s:60:4:60:Infinity":16,"s:61:4:61:Infinity":17}}}
,"/home/tboutin/Documents/zeu/src/bar-meter.ts": {"path":"/home/tboutin/Documents/zeu/src/bar-meter.ts","statementMap":{"0":{"start":{"line":33,"column":22},"end":{"line":33,"column":null}},"1":{"start":{"line":35,"column":4},"end":{"line":35,"column":null}},"2":{"start":{"line":20,"column":2},"end":{"line":20,"column":null}},"3":{"start":{"line":24,"column":2},"end":{"line":24,"column":null}},"4":{"start":{"line":37,"column":4},"end":{"line":37,"column":null}},"5":{"start":{"line":40,"column":4},"end":{"line":40,"column":null}},"6":{"start":{"line":41,"column":4},"end":{"line":41,"column":null}},"7":{"start":{"line":45,"column":4},"end":{"line":45,"column":null}},"8":{"start":{"line":46,"column":4},"end":{"line":46,"column":null}},"9":{"start":{"line":47,"column":4},"end":{"line":47,"column":null}},"10":{"start":{"line":48,"column":4},"end":{"line":48,"column":null}},"11":{"start":{"line":49,"column":4},"end":{"line":49,"column":null}},"12":{"start":{"line":50,"column":4},"end":{"line":50,"column":null}},"13":{"start":{"line":51,"column":4},"end":{"line":51,"column":null}},"14":{"start":{"line":52,"column":4},"end":{"line":52,"column":null}},"15":{"start":{"line":55,"column":4},"end":{"line":55,"column":null}},"16":{"start":{"line":59,"column":4},"end":{"line":59,"column":null}},"17":{"start":{"line":62,"column":4},"end":{"line":89,"column":null}},"18":{"start":{"line":63,"column":6},"end":{"line":63,"column":null}},"19":{"start":{"line":65,"column":18},"end":{"line":65,"column":null}},"20":{"start":{"line":67,"column":29},"end":{"line":67,"column":null}},"21":{"start":{"line":69,"column":6},"end":{"line":73,"column":null}},"22":{"start":{"line":70,"column":8},"end":{"line":70,"column":null}},"23":{"start":{"line":72,"column":8},"end":{"line":72,"column":null}},"24":{"start":{"line":75,"column":6},"end":{"line":85,"column":null}},"25":{"start":{"line":75,"column":19},"end":{"line":75,"column":22}},"26":{"start":{"line":76,"column":18},"end":{"line":76,"column":null}},"27":{"start":{"line":78,"column":8},"end":{"line":80,"column":null}},"28":{"start":{"line":79,"column":10},"end":{"line":79,"column":null}},"29":{"start":{"line":82,"column":8},"end":{"line":82,"column":null}},"30":{"start":{"line":83,"column":8},"end":{"line":83,"column":null}},"31":{"start":{"line":84,"column":8},"end":{"line":84,"column":null}},"32":{"start":{"line":87,"column":6},"end":{"line":87,"column":null}},"33":{"start":{"line":88,"column":6},"end":{"line":88,"column":null}},"34":{"start":{"line":94,"column":4},"end":{"line":99,"column":null}},"35":{"start":{"line":94,"column":17},"end":{"line":94,"column":20}},"36":{"start":{"line":95,"column":16},"end":{"line":95,"column":null}},"37":{"start":{"line":97,"column":6},"end":{"line":97,"column":null}},"38":{"start":{"line":98,"column":6},"end":{"line":98,"column":null}},"39":{"start":{"line":103,"column":4},"end":{"line":103,"column":null}},"40":{"start":{"line":104,"column":4},"end":{"line":104,"column":null}},"41":{"start":{"line":105,"column":4},"end":{"line":105,"column":null}},"42":{"start":{"line":106,"column":4},"end":{"line":106,"column":null}},"43":{"start":{"line":110,"column":4},"end":{"line":110,"column":null}}},"fnMap":{"0":{"name":"(anonymous_0)","decl":{"start":{"line":32,"column":2},"end":{"line":32,"column":14}},"loc":{"start":{"line":32,"column":61},"end":{"line":42,"column":null}},"line":32},"1":{"name":"(anonymous_1)","decl":{"start":{"line":44,"column":2},"end":{"line":44,"column":13}},"loc":{"start":{"line":44,"column":44},"end":{"line":53,"column":null}},"line":44},"2":{"name":"(anonymous_2)","decl":{"start":{"line":54,"column":2},"end":{"line":54,"column":25}},"loc":{"start":{"line":54,"column":25},"end":{"line":56,"column":null}},"line":54},"3":{"name":"(anonymous_3)","decl":{"start":{"line":58,"column":2},"end":{"line":58,"column":15}},"loc":{"start":{"line":58,"column":15},"end":{"line":90,"column":null}},"line":58},"4":{"name":"(anonymous_4)","decl":{"start":{"line":92,"column":2},"end":{"line":92,"column":15}},"loc":{"start":{"line":92,"column":15},"end":{"line":100,"column":null}},"line":92},"5":{"name":"(anonymous_5)","decl":{"start":{"line":102,"column":6},"end":{"line":102,"column":12}},"loc":{"start":{"line":102,"column":27},"end":{"line":107,"column":null}},"line":102},"6":{"name":"(anonymous_6)","decl":{"start":{"line":109,"column":6},"end":{"line":109,"column":25}},"loc":{"start":{"line":109,"column":25},"end":{"line":111,"column":null}},"line":109}},"branchMap":{"0":{"loc":{"start":{"line":32,"column":30},"end":{"line":32,"column":61}},"type":"default-arg","locations":[{"start":{"line":32,"column":57},"end":{"line":32,"column":61}}],"line":32},"1":{"loc":{"start":{"line":33,"column":22},"end":{"line":33,"column":null}},"type":"binary-expr","locations":[{"start":{"line":33,"column":22},"end":{"line":33,"column":43}},{"start":{"line":33,"column":43},"end":{"line":33,"column":null}}],"line":33},"2":{"loc":{"start":{"line":44,"column":13},"end":{"line":44,"column":44}},"type":"default-arg","locations":[{"start":{"line":44,"column":40},"end":{"line":44,"column":44}}],"line":44},"3":{"loc":{"start":{"line":45,"column":16},"end":{"line":45,"column":null}},"type":"cond-expr","locations":[{"start":{"line":45,"column":44},"end":{"line":45,"column":58}},{"start":{"line":45,"column":58},"end":{"line":45,"column":null}}],"line":45},"4":{"loc":{"start":{"line":46,"column":16},"end":{"line":46,"column":null}},"type":"cond-expr","locations":[{"start":{"line":46,"column":44},"end":{"line":46,"column":58}},{"start":{"line":46,"column":58},"end":{"line":46,"column":null}}],"line":46},"5":{"loc":{"start":{"line":47,"column":18},"end":{"line":47,"column":null}},"type":"cond-expr","locations":[{"start":{"line":47,"column":48},"end":{"line":47,"column":64}},{"start":{"line":47,"column":64},"end":{"line":47,"column":null}}],"line":47},"6":{"loc":{"start":{"line":48,"column":21},"end":{"line":48,"column":null}},"type":"binary-expr","locations":[{"start":{"line":48,"column":21},"end":{"line":48,"column":43}},{"start":{"line":48,"column":43},"end":{"line":48,"column":null}}],"line":48},"7":{"loc":{"start":{"line":48,"column":43},"end":{"line":48,"column":null}},"type":"cond-expr","locations":[{"start":{"line":48,"column":56},"end":{"line":48,"column":74}},{"start":{"line":48,"column":74},"end":{"line":48,"column":null}}],"line":48},"8":{"loc":{"start":{"line":49,"column":20},"end":{"line":49,"column":null}},"type":"binary-expr","locations":[{"start":{"line":49,"column":20},"end":{"line":49,"column":41}},{"start":{"line":49,"column":41},"end":{"line":49,"column":null}}],"line":49},"9":{"loc":{"start":{"line":49,"column":41},"end":{"line":49,"column":null}},"type":"cond-expr","locations":[{"start":{"line":49,"column":54},"end":{"line":49,"column":73}},{"start":{"line":49,"column":73},"end":{"line":49,"column":null}}],"line":49},"10":{"loc":{"start":{"line":50,"column":17},"end":{"line":50,"column":null}},"type":"cond-expr","locations":[{"start":{"line":50,"column":47},"end":{"line":50,"column":63}},{"start":{"line":50,"column":63},"end":{"line":50,"column":null}}],"line":50},"11":{"loc":{"start":{"line":51,"column":23},"end":{"line":51,"column":null}},"type":"binary-expr","locations":[{"start":{"line":51,"column":23},"end":{"line":51,"column":43}},{"start":{"line":51,"column":43},"end":{"line":51,"column":null}}],"line":51},"12":{"loc":{"start":{"line":52,"column":18},"end":{"line":52,"column":null}},"type":"cond-expr","locations":[{"start":{"line":52,"column":48},"end":{"line":52,"column":64}},{"start":{"line":52,"column":64},"end":{"line":52,"column":null}}],"line":52},"13":{"loc":{"start":{"line":62,"column":4},"end":{"line":89,"column":null}},"type":"if","locations":[{"start":{"line":62,"column":4},"end":{"line":89,"column":null}},{"start":{"line":64,"column":11},"end":{"line":89,"column":null}}],"line":62},"14":{"loc":{"start":{"line":69,"column":6},"end":{"line":73,"column":null}},"type":"if","locations":[{"start":{"line":69,"column":6},"end":{"line":73,"column":null}},{"start":{"line":71,"column":13},"end":{"line":73,"column":null}}],"line":69},"15":{"loc":{"start":{"line":78,"column":8},"end":{"line":80,"column":null}},"type":"if","locations":[{"start":{"line":78,"column":8},"end":{"line":80,"column":null}},{"start":{},"end":{}}],"line":78}},"s":{"0":4,"1":4,"2":4,"3":4,"4":4,"5":4,"6":4,"7":4,"8":4,"9":4,"10":4,"11":4,"12":4,"13":4,"14":4,"15":2,"16":2,"17":2,"18":1,"19":1,"20":1,"21":1,"22":1,"23":0,"24":1,"25":1,"26":0,"27":0,"28":0,"29":0,"30":0,"31":0,"32":1,"33":1,"34":2,"35":2,"36":20,"37":20,"38":20,"39":1,"40":1,"41":1,"42":1,"43":2},"f":{"0":4,"1":4,"2":2,"3":2,"4":2,"5":1,"6":2},"b":{"0":[4],"1":[4,3],"2":[4],"3":[1,3],"4":[1,3],"5":[2,2],"6":[4,4],"7":[4,0],"8":[4,4],"9":[4,0],"10":[0,4],"11":[4,3],"12":[0,4],"13":[1,1],"14":[1,0],"15":[0,0]},"meta":{"lastBranch":16,"lastFunction":7,"lastStatement":44,"seen":{"f:32:2:32:14":0,"b:32:57:32:61":0,"s:33:22:33:Infinity":0,"b:33:22:33:43:33:43:33:Infinity":1,"s:35:4:35:Infinity":1,"s:20:2:20:Infinity":2,"s:24:2:24:Infinity":3,"s:37:4:37:Infinity":4,"s:40:4:40:Infinity":5,"s:41:4:41:Infinity":6,"f:44:2:44:13":1,"b:44:40:44:44":2,"s:45:4:45:Infinity":7,"b:45:44:45:58:45:58:45:Infinity":3,"s:46:4:46:Infinity":8,"b:46:44:46:58:46:58:46:Infinity":4,"s:47:4:47:Infinity":9,"b:47:48:47:64:47:64:47:Infinity":5,"s:48:4:48:Infinity":10,"b:48:21:48:43:48:43:48:Infinity":6,"b:48:56:48:74:48:74:48:Infinity":7,"s:49:4:49:Infinity":11,"b:49:20:49:41:49:41:49:Infinity":8,"b:49:54:49:73:49:73:49:Infinity":9,"s:50:4:50:Infinity":12,"b:50:47:50:63:50:63:50:Infinity":10,"s:51:4:51:Infinity":13,"b:51:23:51:43:51:43:51:Infinity":11,"s:52:4:52:Infinity":14,"b:52:48:52:64:52:64:52:Infinity":12,"f:54:2:54:25":2,"s:55:4:55:Infinity":15,"f:58:2:58:15":3,"s:59:4:59:Infinity":16,"b:62:4:89:Infinity:64:11:89:Infinity":13,"s:62:4:89:Infinity":17,"s:63:6:63:Infinity":18,"s:65:18:65:Infinity":19,"s:67:29:67:Infinity":20,"b:69:6:73:Infinity:71:13:73:Infinity":14,"s:69:6:73:Infinity":21,"s:70:8:70:Infinity":22,"s:72:8:72:Infinity":23,"s:75:6:85:Infinity":24,"s:75:19:75:22":25,"s:76:18:76:Infinity":26,"b:78:8:80:Infinity:undefined:undefined:undefined:undefined":15,"s:78:8:80:Infinity":27,"s:79:10:79:Infinity":28,"s:82:8:82:Infinity":29,"s:83:8:83:Infinity":30,"s:84:8:84:Infinity":31,"s:87:6:87:Infinity":32,"s:88:6:88:Infinity":33,"f:92:2:92:15":4,"s:94:4:99:Infinity":34,"s:94:17:94:20":35,"s:95:16:95:Infinity":36,"s:97:6:97:Infinity":37,"s:98:6:98:Infinity":38,"f:102:6:102:12":5,"s:103:4:103:Infinity":39,"s:104:4:104:Infinity":40,"s:105:4:105:Infinity":41,"s:106:4:106:Infinity":42,"f:109:6:109:25":6,"s:110:4:110:Infinity":43}}}
,"/home/tboutin/Documents/zeu/src/base-component.ts": {"path":"/home/tboutin/Documents/zeu/src/base-component.ts","statementMap":{"0":{"start":{"line":54,"column":4},"end":{"line":54,"column":null}},"1":{"start":{"line":59,"column":26},"end":{"line":59,"column":null}},"2":{"start":{"line":61,"column":4},"end":{"line":63,"column":null}},"3":{"start":{"line":62,"column":6},"end":{"line":62,"column":null}},"4":{"start":{"line":64,"column":4},"end":{"line":64,"column":null}},"5":{"start":{"line":67,"column":20},"end":{"line":67,"column":null}},"6":{"start":{"line":69,"column":4},"end":{"line":71,"column":null}},"7":{"start":{"line":70,"column":6},"end":{"line":70,"column":null}},"8":{"start":{"line":72,"column":4},"end":{"line":72,"column":null}},"9":{"start":{"line":75,"column":4},"end":{"line":75,"column":null}},"10":{"start":{"line":78,"column":4},"end":{"line":78,"column":null}},"11":{"start":{"line":79,"column":29},"end":{"line":79,"column":null}},"12":{"start":{"line":81,"column":4},"end":{"line":83,"column":null}},"13":{"start":{"line":82,"column":6},"end":{"line":82,"column":null}},"14":{"start":{"line":84,"column":4},"end":{"line":84,"column":null}},"15":{"start":{"line":85,"column":4},"end":{"line":85,"column":null}},"16":{"start":{"line":88,"column":4},"end":{"line":88,"column":null}},"17":{"start":{"line":91,"column":4},"end":{"line":91,"column":null}},"18":{"start":{"line":94,"column":4},"end":{"line":94,"column":null}},"19":{"start":{"line":95,"column":4},"end":{"line":95,"column":null}},"20":{"start":{"line":98,"column":4},"end":{"line":98,"column":null}},"21":{"start":{"line":99,"column":4},"end":{"line":99,"column":null}},"22":{"start":{"line":102,"column":4},"end":{"line":102,"column":null}},"23":{"start":{"line":103,"column":4},"end":{"line":103,"column":null}},"24":{"start":{"line":106,"column":25},"end":{"line":106,"column":null}},"25":{"start":{"line":109,"column":4},"end":{"line":109,"column":null}},"26":{"start":{"line":111,"column":4},"end":{"line":111,"column":null}},"27":{"start":{"line":114,"column":4},"end":{"line":114,"column":null}},"28":{"start":{"line":117,"column":4},"end":{"line":117,"column":null}},"29":{"start":{"line":120,"column":4},"end":{"line":120,"column":null}},"30":{"start":{"line":122,"column":30},"end":{"line":131,"column":null}},"31":{"start":{"line":133,"column":4},"end":{"line":133,"column":null}},"32":{"start":{"line":134,"column":4},"end":{"line":134,"column":null}},"33":{"start":{"line":136,"column":4},"end":{"line":136,"column":null}},"34":{"start":{"line":139,"column":4},"end":{"line":142,"column":null}},"35":{"start":{"line":140,"column":6},"end":{"line":140,"column":null}},"36":{"start":{"line":141,"column":6},"end":{"line":141,"column":null}},"37":{"start":{"line":143,"column":4},"end":{"line":143,"column":null}},"38":{"start":{"line":146,"column":4},"end":{"line":146,"column":null}},"39":{"start":{"line":149,"column":4},"end":{"line":149,"column":null}},"40":{"start":{"line":157,"column":4},"end":{"line":157,"column":null}},"41":{"start":{"line":158,"column":4},"end":{"line":158,"column":null}},"42":{"start":{"line":163,"column":4},"end":{"line":175,"column":null}},"43":{"start":{"line":164,"column":20},"end":{"line":164,"column":null}},"44":{"start":{"line":166,"column":6},"end":{"line":174,"column":null}},"45":{"start":{"line":167,"column":8},"end":{"line":173,"column":null}},"46":{"start":{"line":168,"column":10},"end":{"line":168,"column":null}},"47":{"start":{"line":170,"column":10},"end":{"line":170,"column":null}},"48":{"start":{"line":171,"column":10},"end":{"line":171,"column":null}},"49":{"start":{"line":172,"column":10},"end":{"line":172,"column":null}},"50":{"start":{"line":178,"column":4},"end":{"line":180,"column":null}},"51":{"start":{"line":179,"column":6},"end":{"line":179,"column":null}},"52":{"start":{"line":182,"column":4},"end":{"line":182,"column":null}},"53":{"start":{"line":184,"column":4},"end":{"line":184,"column":null}},"54":{"start":{"line":185,"column":4},"end":{"line":185,"column":null}},"55":{"start":{"line":186,"column":4},"end":{"line":186,"column":null}},"56":{"start":{"line":188,"column":4},"end":{"line":192,"column":null}},"57":{"start":{"line":189,"column":6},"end":{"line":189,"column":null}},"58":{"start":{"line":190,"column":6},"end":{"line":190,"column":null}},"59":{"start":{"line":191,"column":6},"end":{"line":191,"column":null}},"60":{"start":{"line":195,"column":4},"end":{"line":197,"column":null}},"61":{"start":{"line":196,"column":6},"end":{"line":196,"column":null}},"62":{"start":{"line":201,"column":4},"end":{"line":201,"column":null}},"63":{"start":{"line":211,"column":4},"end":{"line":214,"column":null}},"64":{"start":{"line":212,"column":6},"end":{"line":212,"column":null}},"65":{"start":{"line":213,"column":6},"end":{"line":213,"column":null}},"66":{"start":{"line":215,"column":4},"end":{"line":219,"column":null}},"67":{"start":{"line":223,"column":4},"end":{"line":223,"column":null}},"68":{"start":{"line":227,"column":4},"end":{"line":227,"column":null}},"69":{"start":{"line":231,"column":4},"end":{"line":231,"column":null}},"70":{"start":{"line":232,"column":4},"end":{"line":232,"column":null}},"71":{"start":{"line":236,"column":18},"end":{"line":236,"column":null}},"72":{"start":{"line":238,"column":4},"end":{"line":240,"column":null}},"73":{"start":{"line":239,"column":6},"end":{"line":239,"column":null}},"74":{"start":{"line":244,"column":18},"end":{"line":244,"column":null}},"75":{"start":{"line":246,"column":4},"end":{"line":248,"column":null}},"76":{"start":{"line":247,"column":6},"end":{"line":247,"column":null}},"77":{"start":{"line":252,"column":4},"end":{"line":255,"column":null}},"78":{"start":{"line":259,"column":4},"end":{"line":259,"column":null}},"79":{"start":{"line":259,"column":62},"end":{"line":259,"column":79}},"80":{"start":{"line":263,"column":4},"end":{"line":263,"column":null}},"81":{"start":{"line":267,"column":16},"end":{"line":267,"column":null}},"82":{"start":{"line":269,"column":4},"end":{"line":274,"column":null}},"83":{"start":{"line":270,"column":6},"end":{"line":270,"column":null}},"84":{"start":{"line":271,"column":6},"end":{"line":271,"column":null}},"85":{"start":{"line":272,"column":4},"end":{"line":274,"column":null}},"86":{"start":{"line":273,"column":6},"end":{"line":273,"column":null}},"87":{"start":{"line":275,"column":4},"end":{"line":275,"column":null}},"88":{"start":{"line":279,"column":4},"end":{"line":279,"column":null}},"89":{"start":{"line":281,"column":4},"end":{"line":281,"column":null}},"90":{"start":{"line":282,"column":4},"end":{"line":282,"column":null}},"91":{"start":{"line":283,"column":4},"end":{"line":283,"column":null}},"92":{"start":{"line":284,"column":4},"end":{"line":284,"column":null}},"93":{"start":{"line":285,"column":4},"end":{"line":285,"column":null}},"94":{"start":{"line":287,"column":4},"end":{"line":287,"column":null}},"95":{"start":{"line":288,"column":4},"end":{"line":290,"column":null}},"96":{"start":{"line":289,"column":6},"end":{"line":289,"column":null}},"97":{"start":{"line":292,"column":4},"end":{"line":293,"column":null}},"98":{"start":{"line":301,"column":4},"end":{"line":301,"column":null}},"99":{"start":{"line":302,"column":4},"end":{"line":302,"column":null}},"100":{"start":{"line":303,"column":4},"end":{"line":303,"column":null}},"101":{"start":{"line":306,"column":4},"end":{"line":306,"column":null}},"102":{"start":{"line":308,"column":4},"end":{"line":308,"column":null}},"103":{"start":{"line":310,"column":4},"end":{"line":310,"column":null}},"104":{"start":{"line":317,"column":4},"end":{"line":317,"column":null}},"105":{"start":{"line":318,"column":4},"end":{"line":318,"column":null}},"106":{"start":{"line":319,"column":4},"end":{"line":319,"column":null}},"107":{"start":{"line":320,"column":4},"end":{"line":320,"column":null}},"108":{"start":{"line":321,"column":4},"end":{"line":321,"column":null}},"109":{"start":{"line":322,"column":4},"end":{"line":322,"column":null}},"110":{"start":{"line":323,"column":4},"end":{"line":323,"column":null}},"111":{"start":{"line":330,"column":4},"end":{"line":330,"column":null}},"112":{"start":{"line":331,"column":4},"end":{"line":331,"column":null}},"113":{"start":{"line":335,"column":4},"end":{"line":335,"column":null}},"114":{"start":{"line":339,"column":15},"end":{"line":339,"column":null}},"115":{"start":{"line":340,"column":15},"end":{"line":340,"column":null}},"116":{"start":{"line":343,"column":4},"end":{"line":351,"column":null}},"117":{"start":{"line":343,"column":18},"end":{"line":343,"column":48}},"118":{"start":{"line":344,"column":20},"end":{"line":344,"column":null}},"119":{"start":{"line":346,"column":6},"end":{"line":350,"column":null}},"120":{"start":{"line":347,"column":8},"end":{"line":347,"column":null}},"121":{"start":{"line":348,"column":8},"end":{"line":348,"column":null}},"122":{"start":{"line":349,"column":8},"end":{"line":349,"column":null}},"123":{"start":{"line":354,"column":18},"end":{"line":354,"column":null}},"124":{"start":{"line":355,"column":15},"end":{"line":355,"column":null}},"125":{"start":{"line":356,"column":15},"end":{"line":356,"column":null}},"126":{"start":{"line":357,"column":19},"end":{"line":357,"column":null}},"127":{"start":{"line":358,"column":19},"end":{"line":358,"column":null}},"128":{"start":{"line":361,"column":4},"end":{"line":367,"column":null}},"129":{"start":{"line":369,"column":4},"end":{"line":369,"column":null}},"130":{"start":{"line":373,"column":4},"end":{"line":373,"column":null}},"131":{"start":{"line":374,"column":4},"end":{"line":374,"column":null}},"132":{"start":{"line":375,"column":4},"end":{"line":375,"column":null}},"133":{"start":{"line":376,"column":4},"end":{"line":376,"column":null}},"134":{"start":{"line":377,"column":4},"end":{"line":377,"column":null}},"135":{"start":{"line":378,"column":4},"end":{"line":378,"column":null}},"136":{"start":{"line":382,"column":4},"end":{"line":382,"column":null}},"137":{"start":{"line":383,"column":4},"end":{"line":383,"column":null}},"138":{"start":{"line":384,"column":4},"end":{"line":384,"column":null}},"139":{"start":{"line":385,"column":4},"end":{"line":385,"column":null}},"140":{"start":{"line":388,"column":16},"end":{"line":388,"column":null}},"141":{"start":{"line":390,"column":4},"end":{"line":390,"column":null}},"142":{"start":{"line":391,"column":4},"end":{"line":391,"column":null}},"143":{"start":{"line":392,"column":4},"end":{"line":392,"column":null}},"144":{"start":{"line":393,"column":4},"end":{"line":393,"column":null}},"145":{"start":{"line":394,"column":4},"end":{"line":394,"column":null}},"146":{"start":{"line":395,"column":4},"end":{"line":395,"column":null}},"147":{"start":{"line":397,"column":4},"end":{"line":397,"column":null}},"148":{"start":{"line":401,"column":4},"end":{"line":401,"column":null}},"149":{"start":{"line":402,"column":4},"end":{"line":402,"column":null}},"150":{"start":{"line":406,"column":4},"end":{"line":406,"column":null}},"151":{"start":{"line":410,"column":4},"end":{"line":410,"column":null}},"152":{"start":{"line":414,"column":4},"end":{"line":414,"column":null}},"153":{"start":{"line":418,"column":4},"end":{"line":418,"column":null}},"154":{"start":{"line":422,"column":4},"end":{"line":422,"column":null}},"155":{"start":{"line":426,"column":4},"end":{"line":426,"column":null}},"156":{"start":{"line":430,"column":4},"end":{"line":430,"column":null}}},"fnMap":{"0":{"name":"(anonymous_0)","decl":{"start":{"line":53,"column":6},"end":{"line":53,"column":26}},"loc":{"start":{"line":53,"column":26},"end":{"line":55,"column":null}},"line":53},"1":{"name":"(anonymous_1)","decl":{"start":{"line":57,"column":2},"end":{"line":57,"column":14}},"loc":{"start":{"line":57,"column":98},"end":{"line":150,"column":null}},"line":57},"2":{"name":"(anonymous_2)","decl":{"start":{"line":139,"column":26},"end":{"line":139,"column":32}},"loc":{"start":{"line":139,"column":32},"end":{"line":142,"column":null}},"line":139},"3":{"name":"(anonymous_3)","decl":{"start":{"line":154,"column":2},"end":{"line":154,"column":13}},"loc":{"start":{"line":154,"column":36},"end":{"line":154,"column":null}},"line":154},"4":{"name":"(anonymous_4)","decl":{"start":{"line":156,"column":2},"end":{"line":156,"column":20}},"loc":{"start":{"line":156,"column":20},"end":{"line":159,"column":null}},"line":156},"5":{"name":"(anonymous_5)","decl":{"start":{"line":161,"column":2},"end":{"line":161,"column":14}},"loc":{"start":{"line":161,"column":14},"end":{"line":198,"column":null}},"line":161},"6":{"name":"(anonymous_6)","decl":{"start":{"line":200,"column":2},"end":{"line":200,"column":25}},"loc":{"start":{"line":200,"column":25},"end":{"line":202,"column":null}},"line":200},"7":{"name":"(anonymous_7)","decl":{"start":{"line":204,"column":2},"end":{"line":204,"column":15}},"loc":{"start":{"line":204,"column":15},"end":{"line":204,"column":null}},"line":204},"8":{"name":"(anonymous_8)","decl":{"start":{"line":206,"column":2},"end":{"line":206,"column":15}},"loc":{"start":{"line":206,"column":15},"end":{"line":208,"column":null}},"line":206},"9":{"name":"(anonymous_9)","decl":{"start":{"line":210,"column":2},"end":{"line":210,"column":18}},"loc":{"start":{"line":210,"column":18},"end":{"line":220,"column":null}},"line":210},"10":{"name":"(anonymous_10)","decl":{"start":{"line":222,"column":2},"end":{"line":222,"column":10}},"loc":{"start":{"line":222,"column":10},"end":{"line":224,"column":null}},"line":222},"11":{"name":"(anonymous_11)","decl":{"start":{"line":226,"column":2},"end":{"line":226,"column":10}},"loc":{"start":{"line":226,"column":10},"end":{"line":228,"column":null}},"line":226},"12":{"name":"(anonymous_12)","decl":{"start":{"line":230,"column":2},"end":{"line":230,"column":9}},"loc":{"start":{"line":230,"column":9},"end":{"line":233,"column":null}},"line":230},"13":{"name":"(anonymous_13)","decl":{"start":{"line":235,"column":2},"end":{"line":235,"column":24}},"loc":{"start":{"line":235,"column":24},"end":{"line":241,"column":null}},"line":235},"14":{"name":"(anonymous_14)","decl":{"start":{"line":243,"column":2},"end":{"line":243,"column":29}},"loc":{"start":{"line":243,"column":29},"end":{"line":249,"column":null}},"line":243},"15":{"name":"(anonymous_15)","decl":{"start":{"line":251,"column":2},"end":{"line":251,"column":17}},"loc":{"start":{"line":251,"column":17},"end":{"line":256,"column":null}},"line":251},"16":{"name":"(anonymous_16)","decl":{"start":{"line":258,"column":2},"end":{"line":258,"column":30}},"loc":{"start":{"line":258,"column":30},"end":{"line":260,"column":null}},"line":258},"17":{"name":"(anonymous_17)","decl":{"start":{"line":259,"column":55},"end":{"line":259,"column":62}},"loc":{"start":{"line":259,"column":62},"end":{"line":259,"column":79}},"line":259},"18":{"name":"(anonymous_18)","decl":{"start":{"line":262,"column":6},"end":{"line":262,"column":22}},"loc":{"start":{"line":262,"column":22},"end":{"line":264,"column":null}},"line":262},"19":{"name":"(anonymous_19)","decl":{"start":{"line":266,"column":2},"end":{"line":266,"column":12}},"loc":{"start":{"line":266,"column":80},"end":{"line":276,"column":null}},"line":266},"20":{"name":"(anonymous_20)","decl":{"start":{"line":278,"column":2},"end":{"line":278,"column":14}},"loc":{"start":{"line":278,"column":14},"end":{"line":294,"column":null}},"line":278},"21":{"name":"(anonymous_21)","decl":{"start":{"line":300,"column":2},"end":{"line":300,"column":12}},"loc":{"start":{"line":300,"column":12},"end":{"line":311,"column":null}},"line":300},"22":{"name":"(anonymous_22)","decl":{"start":{"line":316,"column":2},"end":{"line":316,"column":10}},"loc":{"start":{"line":316,"column":44},"end":{"line":324,"column":null}},"line":316},"23":{"name":"(anonymous_23)","decl":{"start":{"line":329,"column":2},"end":{"line":329,"column":13}},"loc":{"start":{"line":329,"column":13},"end":{"line":332,"column":null}},"line":329},"24":{"name":"(anonymous_24)","decl":{"start":{"line":334,"column":2},"end":{"line":334,"column":12}},"loc":{"start":{"line":334,"column":12},"end":{"line":336,"column":null}},"line":334},"25":{"name":"(anonymous_25)","decl":{"start":{"line":338,"column":2},"end":{"line":338,"column":9}},"loc":{"start":{"line":338,"column":57},"end":{"line":370,"column":null}},"line":338},"26":{"name":"(anonymous_26)","decl":{"start":{"line":372,"column":2},"end":{"line":372,"column":10}},"loc":{"start":{"line":372,"column":32},"end":{"line":379,"column":null}},"line":372},"27":{"name":"(anonymous_27)","decl":{"start":{"line":381,"column":2},"end":{"line":381,"column":16}},"loc":{"start":{"line":381,"column":32},"end":{"line":398,"column":null}},"line":381},"28":{"name":"(anonymous_28)","decl":{"start":{"line":400,"column":2},"end":{"line":400,"column":9}},"loc":{"start":{"line":400,"column":9},"end":{"line":403,"column":null}},"line":400},"29":{"name":"(anonymous_29)","decl":{"start":{"line":405,"column":2},"end":{"line":405,"column":9}},"loc":{"start":{"line":405,"column":9},"end":{"line":407,"column":null}},"line":405},"30":{"name":"(anonymous_30)","decl":{"start":{"line":409,"column":2},"end":{"line":409,"column":14}},"loc":{"start":{"line":409,"column":14},"end":{"line":411,"column":null}},"line":409},"31":{"name":"(anonymous_31)","decl":{"start":{"line":413,"column":6},"end":{"line":413,"column":15}},"loc":{"start":{"line":413,"column":15},"end":{"line":415,"column":null}},"line":413},"32":{"name":"(anonymous_32)","decl":{"start":{"line":417,"column":6},"end":{"line":417,"column":16}},"loc":{"start":{"line":417,"column":16},"end":{"line":419,"column":null}},"line":417},"33":{"name":"(anonymous_33)","decl":{"start":{"line":421,"column":6},"end":{"line":421,"column":19}},"loc":{"start":{"line":421,"column":19},"end":{"line":423,"column":null}},"line":421},"34":{"name":"(anonymous_34)","decl":{"start":{"line":425,"column":6},"end":{"line":425,"column":18}},"loc":{"start":{"line":425,"column":18},"end":{"line":427,"column":null}},"line":425},"35":{"name":"(anonymous_35)","decl":{"start":{"line":429,"column":6},"end":{"line":429,"column":19}},"loc":{"start":{"line":429,"column":19},"end":{"line":431,"column":null}},"line":429}},"branchMap":{"0":{"loc":{"start":{"line":57,"column":32},"end":{"line":57,"column":59}},"type":"default-arg","locations":[{"start":{"line":57,"column":55},"end":{"line":57,"column":59}}],"line":57},"1":{"loc":{"start":{"line":61,"column":4},"end":{"line":63,"column":null}},"type":"if","locations":[{"start":{"line":61,"column":4},"end":{"line":63,"column":null}},{"start":{},"end":{}}],"line":61},"2":{"loc":{"start":{"line":61,"column":8},"end":{"line":61,"column":73}},"type":"binary-expr","locations":[{"start":{"line":61,"column":8},"end":{"line":61,"column":26}},{"start":{"line":61,"column":26},"end":{"line":61,"column":73}}],"line":61},"3":{"loc":{"start":{"line":69,"column":4},"end":{"line":71,"column":null}},"type":"if","locations":[{"start":{"line":69,"column":4},"end":{"line":71,"column":null}},{"start":{},"end":{}}],"line":69},"4":{"loc":{"start":{"line":81,"column":4},"end":{"line":83,"column":null}},"type":"if","locations":[{"start":{"line":81,"column":4},"end":{"line":83,"column":null}},{"start":{},"end":{}}],"line":81},"5":{"loc":{"start":{"line":106,"column":25},"end":{"line":106,"column":null}},"type":"binary-expr","locations":[{"start":{"line":106,"column":25},"end":{"line":106,"column":49}},{"start":{"line":106,"column":49},"end":{"line":106,"column":106}},{"start":{"line":106,"column":106},"end":{"line":106,"column":null}}],"line":106},"6":{"loc":{"start":{"line":163,"column":4},"end":{"line":175,"column":null}},"type":"if","locations":[{"start":{"line":163,"column":4},"end":{"line":175,"column":null}},{"start":{},"end":{}}],"line":163},"7":{"loc":{"start":{"line":166,"column":6},"end":{"line":174,"column":null}},"type":"if","locations":[{"start":{"line":166,"column":6},"end":{"line":174,"column":null}},{"start":{},"end":{}}],"line":166},"8":{"loc":{"start":{"line":167,"column":8},"end":{"line":173,"column":null}},"type":"if","locations":[{"start":{"line":167,"column":8},"end":{"line":173,"column":null}},{"start":{"line":169,"column":15},"end":{"line":173,"column":null}}],"line":167},"9":{"loc":{"start":{"line":167,"column":12},"end":{"line":167,"column":64}},"type":"binary-expr","locations":[{"start":{"line":167,"column":12},"end":{"line":167,"column":39}},{"start":{"line":167,"column":39},"end":{"line":167,"column":64}}],"line":167},"10":{"loc":{"start":{"line":178,"column":4},"end":{"line":180,"column":null}},"type":"if","locations":[{"start":{"line":178,"column":4},"end":{"line":180,"column":null}},{"start":{},"end":{}}],"line":178},"11":{"loc":{"start":{"line":178,"column":8},"end":{"line":178,"column":64}},"type":"binary-expr","locations":[{"start":{"line":178,"column":8},"end":{"line":178,"column":30}},{"start":{"line":178,"column":30},"end":{"line":178,"column":46}},{"start":{"line":178,"column":46},"end":{"line":178,"column":64}}],"line":178},"12":{"loc":{"start":{"line":188,"column":4},"end":{"line":192,"column":null}},"type":"if","locations":[{"start":{"line":188,"column":4},"end":{"line":192,"column":null}},{"start":{},"end":{}}],"line":188},"13":{"loc":{"start":{"line":195,"column":4},"end":{"line":197,"column":null}},"type":"if","locations":[{"start":{"line":195,"column":4},"end":{"line":197,"column":null}},{"start":{},"end":{}}],"line":195},"14":{"loc":{"start":{"line":195,"column":8},"end":{"line":195,"column":81}},"type":"binary-expr","locations":[{"start":{"line":195,"column":8},"end":{"line":195,"column":41}},{"start":{"line":195,"column":41},"end":{"line":195,"column":60}},{"start":{"line":195,"column":60},"end":{"line":195,"column":81}}],"line":195},"15":{"loc":{"start":{"line":211,"column":4},"end":{"line":214,"column":null}},"type":"if","locations":[{"start":{"line":211,"column":4},"end":{"line":214,"column":null}},{"start":{},"end":{}}],"line":211},"16":{"loc":{"start":{"line":238,"column":4},"end":{"line":240,"column":null}},"type":"if","locations":[{"start":{"line":238,"column":4},"end":{"line":240,"column":null}},{"start":{},"end":{}}],"line":238},"17":{"loc":{"start":{"line":246,"column":4},"end":{"line":248,"column":null}},"type":"if","locations":[{"start":{"line":246,"column":4},"end":{"line":248,"column":null}},{"start":{},"end":{}}],"line":246},"18":{"loc":{"start":{"line":269,"column":4},"end":{"line":274,"column":null}},"type":"if","locations":[{"start":{"line":269,"column":4},"end":{"line":274,"column":null}},{"start":{"line":272,"column":4},"end":{"line":274,"column":null}}],"line":269},"19":{"loc":{"start":{"line":272,"column":4},"end":{"line":274,"column":null}},"type":"if","locations":[{"start":{"line":272,"column":4},"end":{"line":274,"column":null}},{"start":{},"end":{}}],"line":272},"20":{"loc":{"start":{"line":288,"column":4},"end":{"line":290,"column":null}},"type":"if","locations":[{"start":{"line":288,"column":4},"end":{"line":290,"column":null}},{"start":{},"end":{}}],"line":288},"21":{"loc":{"start":{"line":316,"column":10},"end":{"line":316,"column":44}},"type":"default-arg","locations":[{"start":{"line":316,"column":40},"end":{"line":316,"column":44}}],"line":316},"22":{"loc":{"start":{"line":317,"column":23},"end":{"line":317,"column":null}},"type":"binary-expr","locations":[{"start":{"line":317,"column":23},"end":{"line":317,"column":38}},{"start":{"line":317,"column":38},"end":{"line":317,"column":null}}],"line":317},"23":{"loc":{"start":{"line":318,"column":27},"end":{"line":318,"column":null}},"type":"binary-expr","locations":[{"start":{"line":318,"column":27},"end":{"line":318,"column":46}},{"start":{"line":318,"column":46},"end":{"line":318,"column":null}}],"line":318},"24":{"loc":{"start":{"line":319,"column":26},"end":{"line":319,"column":null}},"type":"binary-expr","locations":[{"start":{"line":319,"column":26},"end":{"line":319,"column":44}},{"start":{"line":319,"column":44},"end":{"line":319,"column":null}}],"line":319},"25":{"loc":{"start":{"line":320,"column":28},"end":{"line":320,"column":null}},"type":"binary-expr","locations":[{"start":{"line":320,"column":28},"end":{"line":320,"column":48}},{"start":{"line":320,"column":48},"end":{"line":320,"column":null}}],"line":320},"26":{"loc":{"start":{"line":321,"column":28},"end":{"line":321,"column":null}},"type":"binary-expr","locations":[{"start":{"line":321,"column":28},"end":{"line":321,"column":48}},{"start":{"line":321,"column":48},"end":{"line":321,"column":null}}],"line":321},"27":{"loc":{"start":{"line":346,"column":6},"end":{"line":350,"column":null}},"type":"if","locations":[{"start":{"line":346,"column":6},"end":{"line":350,"column":null}},{"start":{},"end":{}}],"line":346},"28":{"loc":{"start":{"line":357,"column":19},"end":{"line":357,"column":null}},"type":"cond-expr","locations":[{"start":{"line":357,"column":34},"end":{"line":357,"column":39}},{"start":{"line":357,"column":39},"end":{"line":357,"column":null}}],"line":357},"29":{"loc":{"start":{"line":358,"column":19},"end":{"line":358,"column":null}},"type":"cond-expr","locations":[{"start":{"line":358,"column":34},"end":{"line":358,"column":39}},{"start":{"line":358,"column":39},"end":{"line":358,"column":null}}],"line":358},"30":{"loc":{"start":{"line":388,"column":16},"end":{"line":388,"column":null}},"type":"binary-expr","locations":[{"start":{"line":388,"column":16},"end":{"line":388,"column":43}},{"start":{"line":388,"column":43},"end":{"line":388,"column":null}}],"line":388}},"s":{"0":254,"1":55,"2":55,"3":1,"4":54,"5":54,"6":54,"7":1,"8":53,"9":53,"10":53,"11":53,"12":53,"13":0,"14":53,"15":53,"16":53,"17":53,"18":53,"19":53,"20":53,"21":53,"22":53,"23":53,"24":53,"25":55,"26":55,"27":55,"28":55,"29":55,"30":55,"31":55,"32":55,"33":55,"34":55,"35":6,"36":6,"37":55,"38":55,"39":55,"40":53,"41":53,"42":130,"43":30,"44":30,"45":30,"46":2,"47":28,"48":28,"49":28,"50":130,"51":62,"52":68,"53":68,"54":68,"55":68,"56":68,"57":1,"58":1,"59":1,"60":68,"61":5,"62":3,"63":2,"64":2,"65":2,"66":2,"67":83,"68":75,"69":75,"70":75,"71":54,"72":54,"73":54,"74":68,"75":68,"76":15,"77":54,"78":125,"79":175,"80":3,"81":1,"82":1,"83":0,"84":0,"85":1,"86":0,"87":1,"88":0,"89":0,"90":0,"91":0,"92":0,"93":0,"94":0,"95":0,"96":0,"97":0,"98":14,"99":14,"100":14,"101":14,"102":14,"103":14,"104":1,"105":1,"106":1,"107":1,"108":1,"109":1,"110":1,"111":1,"112":1,"113":172,"114":3,"115":3,"116":3,"117":3,"118":1,"119":1,"120":1,"121":1,"122":1,"123":3,"124":3,"125":3,"126":3,"127":3,"128":3,"129":3,"130":1,"131":1,"132":1,"133":1,"134":1,"135":1,"136":55,"137":55,"138":55,"139":55,"140":55,"141":55,"142":55,"143":55,"144":55,"145":55,"146":55,"147":55,"148":1,"149":1,"150":1,"151":133,"152":0,"153":6,"154":5,"155":1,"156":0},"f":{"0":254,"1":55,"2":6,"3":11,"4":53,"5":130,"6":3,"7":32,"8":0,"9":2,"10":83,"11":75,"12":75,"13":54,"14":68,"15":54,"16":125,"17":175,"18":3,"19":1,"20":0,"21":14,"22":1,"23":1,"24":172,"25":3,"26":1,"27":55,"28":1,"29":1,"30":133,"31":0,"32":6,"33":5,"34":1,"35":0},"b":{"0":[55],"1":[1,54],"2":[55,54],"3":[1,53],"4":[0,53],"5":[53,0,0],"6":[30,100],"7":[30,0],"8":[2,28],"9":[30,2],"10":[62,68],"11":[130,129,62],"12":[1,67],"13":[5,63],"14":[68,39,38],"15":[2,0],"16":[54,0],"17":[15,53],"18":[0,1],"19":[0,1],"20":[0,0],"21":[1],"22":[1,0],"23":[1,1],"24":[1,0],"25":[1,1],"26":[1,1],"27":[1,0],"28":[3,0],"29":[1,2],"30":[55,0]},"meta":{"lastBranch":31,"lastFunction":36,"lastStatement":157,"seen":{"f:53:6:53:26":0,"s:54:4:54:Infinity":0,"f:57:2:57:14":1,"b:57:55:57:59":0,"s:59:26:59:Infinity":1,"b:61:4:63:Infinity:undefined:undefined:undefined:undefined":1,"s:61:4:63:Infinity":2,"b:61:8:61:26:61:26:61:73":2,"s:62:6:62:Infinity":3,"s:64:4:64:Infinity":4,"s:67:20:67:Infinity":5,"b:69:4:71:Infinity:undefined:undefined:undefined:undefined":3,"s:69:4:71:Infinity":6,"s:70:6:70:Infinity":7,"s:72:4:72:Infinity":8,"s:75:4:75:Infinity":9,"s:78:4:78:Infinity":10,"s:79:29:79:Infinity":11,"b:81:4:83:Infinity:undefined:undefined:undefined:undefined":4,"s:81:4:83:Infinity":12,"s:82:6:82:Infinity":13,"s:84:4:84:Infinity":14,"s:85:4:85:Infinity":15,"s:88:4:88:Infinity":16,"s:91:4:91:Infinity":17,"s:94:4:94:Infinity":18,"s:95:4:95:Infinity":19,"s:98:4:98:Infinity":20,"s:99:4:99:Infinity":21,"s:102:4:102:Infinity":22,"s:103:4:103:Infinity":23,"s:106:25:106:Infinity":24,"b:106:25:106:49:106:49:106:106:106:106:106:Infinity":5,"s:109:4:109:Infinity":25,"s:111:4:111:Infinity":26,"s:114:4:114:Infinity":27,"s:117:4:117:Infinity":28,"s:120:4:120:Infinity":29,"s:122:30:131:Infinity":30,"s:133:4:133:Infinity":31,"s:134:4:134:Infinity":32,"s:136:4:136:Infinity":33,"s:139:4:142:Infinity":34,"f:139:26:139:32":2,"s:140:6:140:Infinity":35,"s:141:6:141:Infinity":36,"s:143:4:143:Infinity":37,"s:146:4:146:Infinity":38,"s:149:4:149:Infinity":39,"f:154:2:154:13":3,"f:156:2:156:20":4,"s:157:4:157:Infinity":40,"s:158:4:158:Infinity":41,"f:161:2:161:14":5,"b:163:4:175:Infinity:undefined:undefined:undefined:undefined":6,"s:163:4:175:Infinity":42,"s:164:20:164:Infinity":43,"b:166:6:174:Infinity:undefined:undefined:undefined:undefined":7,"s:166:6:174:Infinity":44,"b:167:8:173:Infinity:169:15:173:Infinity":8,"s:167:8:173:Infinity":45,"b:167:12:167:39:167:39:167:64":9,"s:168:10:168:Infinity":46,"s:170:10:170:Infinity":47,"s:171:10:171:Infinity":48,"s:172:10:172:Infinity":49,"b:178:4:180:Infinity:undefined:undefined:undefined:undefined":10,"s:178:4:180:Infinity":50,"b:178:8:178:30:178:30:178:46:178:46:178:64":11,"s:179:6:179:Infinity":51,"s:182:4:182:Infinity":52,"s:184:4:184:Infinity":53,"s:185:4:185:Infinity":54,"s:186:4:186:Infinity":55,"b:188:4:192:Infinity:undefined:undefined:undefined:undefined":12,"s:188:4:192:Infinity":56,"s:189:6:189:Infinity":57,"s:190:6:190:Infinity":58,"s:191:6:191:Infinity":59,"b:195:4:197:Infinity:undefined:undefined:undefined:undefined":13,"s:195:4:197:Infinity":60,"b:195:8:195:41:195:41:195:60:195:60:195:81":14,"s:196:6:196:Infinity":61,"f:200:2:200:25":6,"s:201:4:201:Infinity":62,"f:204:2:204:15":7,"f:206:2:206:15":8,"f:210:2:210:18":9,"b:211:4:214:Infinity:undefined:undefined:undefined:undefined":15,"s:211:4:214:Infinity":63,"s:212:6:212:Infinity":64,"s:213:6:213:Infinity":65,"s:215:4:219:Infinity":66,"f:222:2:222:10":10,"s:223:4:223:Infinity":67,"f:226:2:226:10":11,"s:227:4:227:Infinity":68,"f:230:2:230:9":12,"s:231:4:231:Infinity":69,"s:232:4:232:Infinity":70,"f:235:2:235:24":13,"s:236:18:236:Infinity":71,"b:238:4:240:Infinity:undefined:undefined:undefined:undefined":16,"s:238:4:240:Infinity":72,"s:239:6:239:Infinity":73,"f:243:2:243:29":14,"s:244:18:244:Infinity":74,"b:246:4:248:Infinity:undefined:undefined:undefined:undefined":17,"s:246:4:248:Infinity":75,"s:247:6:247:Infinity":76,"f:251:2:251:17":15,"s:252:4:255:Infinity":77,"f:258:2:258:30":16,"s:259:4:259:Infinity":78,"f:259:55:259:62":17,"s:259:62:259:79":79,"f:262:6:262:22":18,"s:263:4:263:Infinity":80,"f:266:2:266:12":19,"s:267:16:267:Infinity":81,"b:269:4:274:Infinity:272:4:274:Infinity":18,"s:269:4:274:Infinity":82,"s:270:6:270:Infinity":83,"s:271:6:271:Infinity":84,"b:272:4:274:Infinity:undefined:undefined:undefined:undefined":19,"s:272:4:274:Infinity":85,"s:273:6:273:Infinity":86,"s:275:4:275:Infinity":87,"f:278:2:278:14":20,"s:279:4:279:Infinity":88,"s:281:4:281:Infinity":89,"s:282:4:282:Infinity":90,"s:283:4:283:Infinity":91,"s:284:4:284:Infinity":92,"s:285:4:285:Infinity":93,"s:287:4:287:Infinity":94,"b:288:4:290:Infinity:undefined:undefined:undefined:undefined":20,"s:288:4:290:Infinity":95,"s:289:6:289:Infinity":96,"s:292:4:293:Infinity":97,"f:300:2:300:12":21,"s:301:4:301:Infinity":98,"s:302:4:302:Infinity":99,"s:303:4:303:Infinity":100,"s:306:4:306:Infinity":101,"s:308:4:308:Infinity":102,"s:310:4:310:Infinity":103,"f:316:2:316:10":22,"b:316:40:316:44":21,"s:317:4:317:Infinity":104,"b:317:23:317:38:317:38:317:Infinity":22,"s:318:4:318:Infinity":105,"b:318:27:318:46:318:46:318:Infinity":23,"s:319:4:319:Infinity":106,"b:319:26:319:44:319:44:319:Infinity":24,"s:320:4:320:Infinity":107,"b:320:28:320:48:320:48:320:Infinity":25,"s:321:4:321:Infinity":108,"b:321:28:321:48:321:48:321:Infinity":26,"s:322:4:322:Infinity":109,"s:323:4:323:Infinity":110,"f:329:2:329:13":23,"s:330:4:330:Infinity":111,"s:331:4:331:Infinity":112,"f:334:2:334:12":24,"s:335:4:335:Infinity":113,"f:338:2:338:9":25,"s:339:15:339:Infinity":114,"s:340:15:340:Infinity":115,"s:343:4:351:Infinity":116,"s:343:18:343:48":117,"s:344:20:344:Infinity":118,"b:346:6:350:Infinity:undefined:undefined:undefined:undefined":27,"s:346:6:350:Infinity":119,"s:347:8:347:Infinity":120,"s:348:8:348:Infinity":121,"s:349:8:349:Infinity":122,"s:354:18:354:Infinity":123,"s:355:15:355:Infinity":124,"s:356:15:356:Infinity":125,"s:357:19:357:Infinity":126,"b:357:34:357:39:357:39:357:Infinity":28,"s:358:19:358:Infinity":127,"b:358:34:358:39:358:39:358:Infinity":29,"s:361:4:367:Infinity":128,"s:369:4:369:Infinity":129,"f:372:2:372:10":26,"s:373:4:373:Infinity":130,"s:374:4:374:Infinity":131,"s:375:4:375:Infinity":132,"s:376:4:376:Infinity":133,"s:377:4:377:Infinity":134,"s:378:4:378:Infinity":135,"f:381:2:381:16":27,"s:382:4:382:Infinity":136,"s:383:4:383:Infinity":137,"s:384:4:384:Infinity":138,"s:385:4:385:Infinity":139,"s:388:16:388:Infinity":140,"b:388:16:388:43:388:43:388:Infinity":30,"s:390:4:390:Infinity":141,"s:391:4:391:Infinity":142,"s:392:4:392:Infinity":143,"s:393:4:393:Infinity":144,"s:394:4:394:Infinity":145,"s:395:4:395:Infinity":146,"s:397:4:397:Infinity":147,"f:400:2:400:9":28,"s:401:4:401:Infinity":148,"s:402:4:402:Infinity":149,"f:405:2:405:9":29,"s:406:4:406:Infinity":150,"f:409:2:409:14":30,"s:410:4:410:Infinity":151,"f:413:6:413:15":31,"s:414:4:414:Infinity":152,"f:417:6:417:16":32,"s:418:4:418:Infinity":153,"f:421:6:421:19":33,"s:422:4:422:Infinity":154,"f:425:6:425:18":34,"s:426:4:426:Infinity":155,"f:429:6:429:19":35,"s:430:4:430:Infinity":156}}}
,"/home/tboutin/Documents/zeu/src/color.ts": {"path":"/home/tboutin/Documents/zeu/src/color.ts","statementMap":{"0":{"start":{"line":3,"column":21},"end":{"line":7,"column":null}},"1":{"start":{"line":5,"column":4},"end":{"line":5,"column":null}}},"fnMap":{"0":{"name":"(anonymous_0)","decl":{"start":{"line":4,"column":7},"end":{"line":4,"column":8}},"loc":{"start":{"line":4,"column":44},"end":{"line":6,"column":null}},"line":4}},"branchMap":{},"s":{"0":13,"1":211},"f":{"0":211},"b":{},"meta":{"lastBranch":0,"lastFunction":1,"lastStatement":2,"seen":{"s:3:21:7:Infinity":0,"f:4:7:4:8":0,"s:5:4:5:Infinity":1}}}
,"/home/tboutin/Documents/zeu/src/digital-clock.ts": {"path":"/home/tboutin/Documents/zeu/src/digital-clock.ts","statementMap":{"0":{"start":{"line":25,"column":4},"end":{"line":25,"column":null}},"1":{"start":{"line":13,"column":2},"end":{"line":13,"column":null}},"2":{"start":{"line":14,"column":2},"end":{"line":14,"column":null}},"3":{"start":{"line":15,"column":2},"end":{"line":15,"column":null}},"4":{"start":{"line":16,"column":2},"end":{"line":16,"column":null}},"5":{"start":{"line":18,"column":2},"end":{"line":18,"column":null}},"6":{"start":{"line":27,"column":4},"end":{"line":28,"column":null}},"7":{"start":{"line":31,"column":4},"end":{"line":31,"column":null}},"8":{"start":{"line":32,"column":4},"end":{"line":32,"column":null}},"9":{"start":{"line":36,"column":4},"end":{"line":36,"column":null}},"10":{"start":{"line":37,"column":4},"end":{"line":37,"column":null}},"11":{"start":{"line":38,"column":4},"end":{"line":38,"column":null}},"12":{"start":{"line":42,"column":4},"end":{"line":42,"column":null}},"13":{"start":{"line":43,"column":4},"end":{"line":43,"column":null}},"14":{"start":{"line":47,"column":4},"end":{"line":51,"column":null}},"15":{"start":{"line":48,"column":6},"end":{"line":50,"column":null}},"16":{"start":{"line":49,"column":8},"end":{"line":49,"column":null}},"17":{"start":{"line":55,"column":4},"end":{"line":58,"column":null}},"18":{"start":{"line":56,"column":6},"end":{"line":56,"column":null}},"19":{"start":{"line":57,"column":6},"end":{"line":57,"column":null}},"20":{"start":{"line":62,"column":16},"end":{"line":62,"column":null}},"21":{"start":{"line":64,"column":4},"end":{"line":64,"column":null}},"22":{"start":{"line":65,"column":4},"end":{"line":65,"column":null}},"23":{"start":{"line":67,"column":4},"end":{"line":67,"column":null}},"24":{"start":{"line":68,"column":4},"end":{"line":68,"column":null}},"25":{"start":{"line":69,"column":4},"end":{"line":69,"column":null}},"26":{"start":{"line":70,"column":4},"end":{"line":70,"column":null}},"27":{"start":{"line":71,"column":4},"end":{"line":71,"column":null}},"28":{"start":{"line":72,"column":4},"end":{"line":72,"column":null}},"29":{"start":{"line":73,"column":4},"end":{"line":73,"column":null}},"30":{"start":{"line":75,"column":4},"end":{"line":75,"column":null}},"31":{"start":{"line":76,"column":4},"end":{"line":76,"column":null}},"32":{"start":{"line":80,"column":4},"end":{"line":93,"column":null}},"33":{"start":{"line":81,"column":6},"end":{"line":81,"column":null}},"34":{"start":{"line":82,"column":6},"end":{"line":82,"column":null}},"35":{"start":{"line":83,"column":6},"end":{"line":83,"column":null}},"36":{"start":{"line":84,"column":6},"end":{"line":84,"column":null}},"37":{"start":{"line":86,"column":19},"end":{"line":86,"column":null}},"38":{"start":{"line":87,"column":20},"end":{"line":87,"column":null}},"39":{"start":{"line":89,"column":6},"end":{"line":89,"column":null}},"40":{"start":{"line":90,"column":6},"end":{"line":90,"column":null}},"41":{"start":{"line":91,"column":6},"end":{"line":91,"column":null}},"42":{"start":{"line":92,"column":6},"end":{"line":92,"column":null}}},"fnMap":{"0":{"name":"(anonymous_0)","decl":{"start":{"line":24,"column":2},"end":{"line":24,"column":14}},"loc":{"start":{"line":24,"column":65},"end":{"line":29,"column":null}},"line":24},"1":{"name":"(anonymous_1)","decl":{"start":{"line":30,"column":2},"end":{"line":30,"column":20}},"loc":{"start":{"line":30,"column":20},"end":{"line":33,"column":null}},"line":30},"2":{"name":"(anonymous_2)","decl":{"start":{"line":35,"column":2},"end":{"line":35,"column":13}},"loc":{"start":{"line":35,"column":48},"end":{"line":39,"column":null}},"line":35},"3":{"name":"(anonymous_3)","decl":{"start":{"line":41,"column":2},"end":{"line":41,"column":12}},"loc":{"start":{"line":41,"column":12},"end":{"line":44,"column":null}},"line":41},"4":{"name":"(anonymous_4)","decl":{"start":{"line":46,"column":2},"end":{"line":46,"column":9}},"loc":{"start":{"line":46,"column":9},"end":{"line":52,"column":null}},"line":46},"5":{"name":"(anonymous_5)","decl":{"start":{"line":48,"column":32},"end":{"line":48,"column":38}},"loc":{"start":{"line":48,"column":38},"end":{"line":50,"column":9}},"line":48},"6":{"name":"(anonymous_6)","decl":{"start":{"line":54,"column":2},"end":{"line":54,"column":13}},"loc":{"start":{"line":54,"column":13},"end":{"line":59,"column":null}},"line":54},"7":{"name":"(anonymous_7)","decl":{"start":{"line":61,"column":2},"end":{"line":61,"column":13}},"loc":{"start":{"line":61,"column":13},"end":{"line":77,"column":null}},"line":61},"8":{"name":"(anonymous_8)","decl":{"start":{"line":79,"column":2},"end":{"line":79,"column":16}},"loc":{"start":{"line":79,"column":75},"end":{"line":94,"column":null}},"line":79}},"branchMap":{"0":{"loc":{"start":{"line":24,"column":30},"end":{"line":24,"column":65}},"type":"default-arg","locations":[{"start":{"line":24,"column":61},"end":{"line":24,"column":65}}],"line":24},"1":{"loc":{"start":{"line":35,"column":13},"end":{"line":35,"column":48}},"type":"default-arg","locations":[{"start":{"line":35,"column":44},"end":{"line":35,"column":48}}],"line":35},"2":{"loc":{"start":{"line":36,"column":24},"end":{"line":36,"column":null}},"type":"binary-expr","locations":[{"start":{"line":36,"column":24},"end":{"line":36,"column":48}},{"start":{"line":36,"column":48},"end":{"line":36,"column":null}}],"line":36},"3":{"loc":{"start":{"line":36,"column":48},"end":{"line":36,"column":null}},"type":"cond-expr","locations":[{"start":{"line":36,"column":61},"end":{"line":36,"column":78}},{"start":{"line":36,"column":78},"end":{"line":36,"column":null}}],"line":36},"4":{"loc":{"start":{"line":37,"column":22},"end":{"line":37,"column":null}},"type":"binary-expr","locations":[{"start":{"line":37,"column":22},"end":{"line":37,"column":44}},{"start":{"line":37,"column":44},"end":{"line":37,"column":null}}],"line":37},"5":{"loc":{"start":{"line":37,"column":44},"end":{"line":37,"column":null}},"type":"cond-expr","locations":[{"start":{"line":37,"column":57},"end":{"line":37,"column":80}},{"start":{"line":37,"column":80},"end":{"line":37,"column":null}}],"line":37},"6":{"loc":{"start":{"line":38,"column":23},"end":{"line":38,"column":null}},"type":"binary-expr","locations":[{"start":{"line":38,"column":23},"end":{"line":38,"column":45}},{"start":{"line":38,"column":45},"end":{"line":38,"column":null}}],"line":38},"7":{"loc":{"start":{"line":47,"column":4},"end":{"line":51,"column":null}},"type":"if","locations":[{"start":{"line":47,"column":4},"end":{"line":51,"column":null}},{"start":{},"end":{}}],"line":47},"8":{"loc":{"start":{"line":55,"column":4},"end":{"line":58,"column":null}},"type":"if","locations":[{"start":{"line":55,"column":4},"end":{"line":58,"column":null}},{"start":{},"end":{}}],"line":55},"9":{"loc":{"start":{"line":80,"column":4},"end":{"line":93,"column":null}},"type":"if","locations":[{"start":{"line":80,"column":4},"end":{"line":93,"column":null}},{"start":{"line":85,"column":11},"end":{"line":93,"column":null}}],"line":80}},"s":{"0":5,"1":5,"2":5,"3":5,"4":5,"5":5,"6":5,"7":5,"8":5,"9":5,"10":5,"11":5,"12":2,"13":2,"14":5,"15":5,"16":0,"17":2,"18":0,"19":0,"20":2,"21":2,"22":2,"23":2,"24":2,"25":2,"26":2,"27":2,"28":2,"29":2,"30":2,"31":2,"32":6,"33":0,"34":0,"35":0,"36":0,"37":6,"38":6,"39":6,"40":6,"41":6,"42":6},"f":{"0":5,"1":5,"2":5,"3":2,"4":5,"5":0,"6":2,"7":2,"8":6},"b":{"0":[5],"1":[5],"2":[5,5],"3":[5,0],"4":[5,5],"5":[5,0],"6":[5,5],"7":[5,0],"8":[0,2],"9":[0,6]},"meta":{"lastBranch":10,"lastFunction":9,"lastStatement":43,"seen":{"f:24:2:24:14":0,"b:24:61:24:65":0,"s:25:4:25:Infinity":0,"s:13:2:13:Infinity":1,"s:14:2:14:Infinity":2,"s:15:2:15:Infinity":3,"s:16:2:16:Infinity":4,"s:18:2:18:Infinity":5,"s:27:4:28:Infinity":6,"f:30:2:30:20":1,"s:31:4:31:Infinity":7,"s:32:4:32:Infinity":8,"f:35:2:35:13":2,"b:35:44:35:48":1,"s:36:4:36:Infinity":9,"b:36:24:36:48:36:48:36:Infinity":2,"b:36:61:36:78:36:78:36:Infinity":3,"s:37:4:37:Infinity":10,"b:37:22:37:44:37:44:37:Infinity":4,"b:37:57:37:80:37:80:37:Infinity":5,"s:38:4:38:Infinity":11,"b:38:23:38:45:38:45:38:Infinity":6,"f:41:2:41:12":3,"s:42:4:42:Infinity":12,"s:43:4:43:Infinity":13,"f:46:2:46:9":4,"b:47:4:51:Infinity:undefined:undefined:undefined:undefined":7,"s:47:4:51:Infinity":14,"s:48:6:50:Infinity":15,"f:48:32:48:38":5,"s:49:8:49:Infinity":16,"f:54:2:54:13":6,"b:55:4:58:Infinity:undefined:undefined:undefined:undefined":8,"s:55:4:58:Infinity":17,"s:56:6:56:Infinity":18,"s:57:6:57:Infinity":19,"f:61:2:61:13":7,"s:62:16:62:Infinity":20,"s:64:4:64:Infinity":21,"s:65:4:65:Infinity":22,"s:67:4:67:Infinity":23,"s:68:4:68:Infinity":24,"s:69:4:69:Infinity":25,"s:70:4:70:Infinity":26,"s:71:4:71:Infinity":27,"s:72:4:72:Infinity":28,"s:73:4:73:Infinity":29,"s:75:4:75:Infinity":30,"s:76:4:76:Infinity":31,"f:79:2:79:16":8,"b:80:4:93:Infinity:85:11:93:Infinity":9,"s:80:4:93:Infinity":32,"s:81:6:81:Infinity":33,"s:82:6:82:Infinity":34,"s:83:6:83:Infinity":35,"s:84:6:84:Infinity":36,"s:86:19:86:Infinity":37,"s:87:20:87:Infinity":38,"s:89:6:89:Infinity":39,"s:90:6:90:Infinity":40,"s:91:6:91:Infinity":41,"s:92:6:92:Infinity":42}}}
,"/home/tboutin/Documents/zeu/src/digital-symbol.ts": {"path":"/home/tboutin/Documents/zeu/src/digital-symbol.ts","statementMap":{"0":{"start":{"line":11,"column":4},"end":{"line":11,"column":null}},"1":{"start":{"line":12,"column":4},"end":{"line":12,"column":null}},"2":{"start":{"line":13,"column":4},"end":{"line":13,"column":null}},"3":{"start":{"line":14,"column":4},"end":{"line":14,"column":null}},"4":{"start":{"line":15,"column":4},"end":{"line":15,"column":null}},"5":{"start":{"line":16,"column":4},"end":{"line":16,"column":null}},"6":{"start":{"line":20,"column":4},"end":{"line":20,"column":null}},"7":{"start":{"line":21,"column":4},"end":{"line":21,"column":null}},"8":{"start":{"line":22,"column":4},"end":{"line":22,"column":null}},"9":{"start":{"line":23,"column":4},"end":{"line":24,"column":null}},"10":{"start":{"line":25,"column":4},"end":{"line":25,"column":null}},"11":{"start":{"line":29,"column":4},"end":{"line":29,"column":null}},"12":{"start":{"line":30,"column":4},"end":{"line":30,"column":null}},"13":{"start":{"line":31,"column":4},"end":{"line":31,"column":null}},"14":{"start":{"line":32,"column":4},"end":{"line":32,"column":null}},"15":{"start":{"line":33,"column":4},"end":{"line":33,"column":null}},"16":{"start":{"line":34,"column":4},"end":{"line":34,"column":null}},"17":{"start":{"line":35,"column":4},"end":{"line":35,"column":null}},"18":{"start":{"line":36,"column":4},"end":{"line":36,"column":null}},"19":{"start":{"line":37,"column":4},"end":{"line":37,"column":null}},"20":{"start":{"line":38,"column":4},"end":{"line":38,"column":null}},"21":{"start":{"line":39,"column":4},"end":{"line":39,"column":null}},"22":{"start":{"line":44,"column":4},"end":{"line":44,"column":null}},"23":{"start":{"line":49,"column":4},"end":{"line":49,"column":null}},"24":{"start":{"line":54,"column":4},"end":{"line":54,"column":null}},"25":{"start":{"line":59,"column":4},"end":{"line":60,"column":null}},"26":{"start":{"line":65,"column":4},"end":{"line":65,"column":null}},"27":{"start":{"line":70,"column":4},"end":{"line":70,"column":null}},"28":{"start":{"line":75,"column":4},"end":{"line":75,"column":null}},"29":{"start":{"line":79,"column":4},"end":{"line":79,"column":null}},"30":{"start":{"line":80,"column":4},"end":{"line":80,"column":null}},"31":{"start":{"line":81,"column":4},"end":{"line":81,"column":null}},"32":{"start":{"line":83,"column":4},"end":{"line":152,"column":null}},"33":{"start":{"line":85,"column":8},"end":{"line":85,"column":null}},"34":{"start":{"line":86,"column":8},"end":{"line":86,"column":null}},"35":{"start":{"line":87,"column":8},"end":{"line":87,"column":null}},"36":{"start":{"line":88,"column":8},"end":{"line":88,"column":null}},"37":{"start":{"line":89,"column":8},"end":{"line":89,"column":null}},"38":{"start":{"line":90,"column":8},"end":{"line":90,"column":null}},"39":{"start":{"line":91,"column":8},"end":{"line":91,"column":null}},"40":{"start":{"line":93,"column":8},"end":{"line":93,"column":null}},"41":{"start":{"line":94,"column":8},"end":{"line":94,"column":null}},"42":{"start":{"line":95,"column":8},"end":{"line":95,"column":null}},"43":{"start":{"line":97,"column":8},"end":{"line":97,"column":null}},"44":{"start":{"line":98,"column":8},"end":{"line":98,"column":null}},"45":{"start":{"line":99,"column":8},"end":{"line":99,"column":null}},"46":{"start":{"line":100,"column":8},"end":{"line":100,"column":null}},"47":{"start":{"line":101,"column":8},"end":{"line":101,"column":null}},"48":{"start":{"line":102,"column":8},"end":{"line":102,"column":null}},"49":{"start":{"line":104,"column":8},"end":{"line":104,"column":null}},"50":{"start":{"line":105,"column":8},"end":{"line":105,"column":null}},"51":{"start":{"line":106,"column":8},"end":{"line":106,"column":null}},"52":{"start":{"line":107,"column":8},"end":{"line":107,"column":null}},"53":{"start":{"line":108,"column":8},"end":{"line":108,"column":null}},"54":{"start":{"line":109,"column":8},"end":{"line":109,"column":null}},"55":{"start":{"line":111,"column":8},"end":{"line":111,"column":null}},"56":{"start":{"line":112,"column":8},"end":{"line":112,"column":null}},"57":{"start":{"line":113,"column":8},"end":{"line":113,"column":null}},"58":{"start":{"line":114,"column":8},"end":{"line":114,"column":null}},"59":{"start":{"line":115,"column":8},"end":{"line":115,"column":null}},"60":{"start":{"line":117,"column":8},"end":{"line":117,"column":null}},"61":{"start":{"line":118,"column":8},"end":{"line":118,"column":null}},"62":{"start":{"line":119,"column":8},"end":{"line":119,"column":null}},"63":{"start":{"line":120,"column":8},"end":{"line":120,"column":null}},"64":{"start":{"line":121,"column":8},"end":{"line":121,"column":null}},"65":{"start":{"line":122,"column":8},"end":{"line":122,"column":null}},"66":{"start":{"line":124,"column":8},"end":{"line":124,"column":null}},"67":{"start":{"line":125,"column":8},"end":{"line":125,"column":null}},"68":{"start":{"line":126,"column":8},"end":{"line":126,"column":null}},"69":{"start":{"line":127,"column":8},"end":{"line":127,"column":null}},"70":{"start":{"line":128,"column":8},"end":{"line":128,"column":null}},"71":{"start":{"line":129,"column":8},"end":{"line":129,"column":null}},"72":{"start":{"line":130,"column":8},"end":{"line":130,"column":null}},"73":{"start":{"line":132,"column":8},"end":{"line":132,"column":null}},"74":{"start":{"line":133,"column":8},"end":{"line":133,"column":null}},"75":{"start":{"line":134,"column":8},"end":{"line":134,"column":null}},"76":{"start":{"line":135,"column":8},"end":{"line":135,"column":null}},"77":{"start":{"line":137,"column":8},"end":{"line":137,"column":null}},"78":{"start":{"line":138,"column":8},"end":{"line":138,"column":null}},"79":{"start":{"line":139,"column":8},"end":{"line":139,"column":null}},"80":{"start":{"line":140,"column":8},"end":{"line":140,"column":null}},"81":{"start":{"line":141,"column":8},"end":{"line":141,"column":null}},"82":{"start":{"line":142,"column":8},"end":{"line":142,"column":null}},"83":{"start":{"line":143,"column":8},"end":{"line":143,"column":null}},"84":{"start":{"line":144,"column":8},"end":{"line":144,"column":null}},"85":{"start":{"line":146,"column":8},"end":{"line":146,"column":null}},"86":{"start":{"line":147,"column":8},"end":{"line":147,"column":null}},"87":{"start":{"line":148,"column":8},"end":{"line":148,"column":null}},"88":{"start":{"line":149,"column":8},"end":{"line":149,"column":null}},"89":{"start":{"line":150,"column":8},"end":{"line":150,"column":null}},"90":{"start":{"line":151,"column":8},"end":{"line":151,"column":null}},"91":{"start":{"line":153,"column":4},"end":{"line":153,"column":null}}},"fnMap":{"0":{"name":"(anonymous_0)","decl":{"start":{"line":9,"column":2},"end":{"line":9,"column":14}},"loc":{"start":{"line":10,"column":66},"end":{"line":17,"column":null}},"line":10},"1":{"name":"(anonymous_1)","decl":{"start":{"line":19,"column":2},"end":{"line":19,"column":14}},"loc":{"start":{"line":19,"column":14},"end":{"line":26,"column":null}},"line":19},"2":{"name":"(anonymous_2)","decl":{"start":{"line":28,"column":2},"end":{"line":28,"column":14}},"loc":{"start":{"line":28,"column":14},"end":{"line":40,"column":null}},"line":28},"3":{"name":"(anonymous_3)","decl":{"start":{"line":43,"column":2},"end":{"line":43,"column":12}},"loc":{"start":{"line":43,"column":12},"end":{"line":45,"column":null}},"line":43},"4":{"name":"(anonymous_4)","decl":{"start":{"line":48,"column":2},"end":{"line":48,"column":15}},"loc":{"start":{"line":48,"column":15},"end":{"line":50,"column":null}},"line":48},"5":{"name":"(anonymous_5)","decl":{"start":{"line":53,"column":2},"end":{"line":53,"column":13}},"loc":{"start":{"line":53,"column":13},"end":{"line":55,"column":null}},"line":53},"6":{"name":"(anonymous_6)","decl":{"start":{"line":58,"column":2},"end":{"line":58,"column":16}},"loc":{"start":{"line":58,"column":16},"end":{"line":61,"column":null}},"line":58},"7":{"name":"(anonymous_7)","decl":{"start":{"line":64,"column":2},"end":{"line":64,"column":8}},"loc":{"start":{"line":64,"column":8},"end":{"line":66,"column":null}},"line":64},"8":{"name":"(anonymous_8)","decl":{"start":{"line":69,"column":2},"end":{"line":69,"column":11}},"loc":{"start":{"line":69,"column":11},"end":{"line":71,"column":null}},"line":69},"9":{"name":"(anonymous_9)","decl":{"start":{"line":74,"column":2},"end":{"line":74,"column":11}},"loc":{"start":{"line":74,"column":11},"end":{"line":76,"column":null}},"line":74},"10":{"name":"(anonymous_10)","decl":{"start":{"line":78,"column":2},"end":{"line":78,"column":13}},"loc":{"start":{"line":78,"column":29},"end":{"line":154,"column":null}},"line":78}},"branchMap":{"0":{"loc":{"start":{"line":83,"column":4},"end":{"line":152,"column":null}},"type":"switch","locations":[{"start":{"line":84,"column":6},"end":{"line":91,"column":null}},{"start":{"line":92,"column":6},"end":{"line":95,"column":null}},{"start":{"line":96,"column":6},"end":{"line":102,"column":null}},{"start":{"line":103,"column":6},"end":{"line":109,"column":null}},{"start":{"line":110,"column":6},"end":{"line":115,"column":null}},{"start":{"line":116,"column":6},"end":{"line":122,"column":null}},{"start":{"line":123,"column":6},"end":{"line":130,"column":null}},{"start":{"line":131,"column":6},"end":{"line":135,"column":null}},{"start":{"line":136,"column":6},"end":{"line":144,"column":null}},{"start":{"line":145,"column":6},"end":{"line":151,"column":null}}],"line":83}},"s":{"0":7,"1":7,"2":7,"3":7,"4":7,"5":7,"6":5,"7":5,"8":5,"9":5,"10":5,"11":22,"12":22,"13":22,"14":22,"15":22,"16":22,"17":22,"18":22,"19":22,"20":22,"21":22,"22":30,"23":30,"24":42,"25":39,"26":38,"27":39,"28":36,"29":22,"30":22,"31":22,"32":22,"33":1,"34":1,"35":1,"36":1,"37":1,"38":1,"39":1,"40":3,"41":3,"42":3,"43":5,"44":5,"45":5,"46":5,"47":5,"48":5,"49":5,"50":5,"51":5,"52":5,"53":5,"54":5,"55":3,"56":3,"57":3,"58":3,"59":3,"60":1,"61":1,"62":1,"63":1,"64":1,"65":1,"66":1,"67":1,"68":1,"69":1,"70":1,"71":1,"72":1,"73":1,"74":1,"75":1,"76":1,"77":1,"78":1,"79":1,"80":1,"81":1,"82":1,"83":1,"84":1,"85":1,"86":1,"87":1,"88":1,"89":1,"90":1,"91":22},"f":{"0":7,"1":5,"2":22,"3":30,"4":30,"5":42,"6":39,"7":38,"8":39,"9":36,"10":22},"b":{"0":[1,3,5,5,3,1,1,1,1,1]},"meta":{"lastBranch":1,"lastFunction":11,"lastStatement":92,"seen":{"f:9:2:9:14":0,"s:11:4:11:Infinity":0,"s:12:4:12:Infinity":1,"s:13:4:13:Infinity":2,"s:14:4:14:Infinity":3,"s:15:4:15:Infinity":4,"s:16:4:16:Infinity":5,"f:19:2:19:14":1,"s:20:4:20:Infinity":6,"s:21:4:21:Infinity":7,"s:22:4:22:Infinity":8,"s:23:4:24:Infinity":9,"s:25:4:25:Infinity":10,"f:28:2:28:14":2,"s:29:4:29:Infinity":11,"s:30:4:30:Infinity":12,"s:31:4:31:Infinity":13,"s:32:4:32:Infinity":14,"s:33:4:33:Infinity":15,"s:34:4:34:Infinity":16,"s:35:4:35:Infinity":17,"s:36:4:36:Infinity":18,"s:37:4:37:Infinity":19,"s:38:4:38:Infinity":20,"s:39:4:39:Infinity":21,"f:43:2:43:12":3,"s:44:4:44:Infinity":22,"f:48:2:48:15":4,"s:49:4:49:Infinity":23,"f:53:2:53:13":5,"s:54:4:54:Infinity":24,"f:58:2:58:16":6,"s:59:4:60:Infinity":25,"f:64:2:64:8":7,"s:65:4:65:Infinity":26,"f:69:2:69:11":8,"s:70:4:70:Infinity":27,"f:74:2:74:11":9,"s:75:4:75:Infinity":28,"f:78:2:78:13":10,"s:79:4:79:Infinity":29,"s:80:4:80:Infinity":30,"s:81:4:81:Infinity":31,"b:84:6:91:Infinity:92:6:95:Infinity:96:6:102:Infinity:103:6:109:Infinity:110:6:115:Infinity:116:6:122:Infinity:123:6:130:Infinity:131:6:135:Infinity:136:6:144:Infinity:145:6:151:Infinity":0,"s:83:4:152:Infinity":32,"s:85:8:85:Infinity":33,"s:86:8:86:Infinity":34,"s:87:8:87:Infinity":35,"s:88:8:88:Infinity":36,"s:89:8:89:Infinity":37,"s:90:8:90:Infinity":38,"s:91:8:91:Infinity":39,"s:93:8:93:Infinity":40,"s:94:8:94:Infinity":41,"s:95:8:95:Infinity":42,"s:97:8:97:Infinity":43,"s:98:8:98:Infinity":44,"s:99:8:99:Infinity":45,"s:100:8:100:Infinity":46,"s:101:8:101:Infinity":47,"s:102:8:102:Infinity":48,"s:104:8:104:Infinity":49,"s:105:8:105:Infinity":50,"s:106:8:106:Infinity":51,"s:107:8:107:Infinity":52,"s:108:8:108:Infinity":53,"s:109:8:109:Infinity":54,"s:111:8:111:Infinity":55,"s:112:8:112:Infinity":56,"s:113:8:113:Infinity":57,"s:114:8:114:Infinity":58,"s:115:8:115:Infinity":59,"s:117:8:117:Infinity":60,"s:118:8:118:Infinity":61,"s:119:8:119:Infinity":62,"s:120:8:120:Infinity":63,"s:121:8:121:Infinity":64,"s:122:8:122:Infinity":65,"s:124:8:124:Infinity":66,"s:125:8:125:Infinity":67,"s:126:8:126:Infinity":68,"s:127:8:127:Infinity":69,"s:128:8:128:Infinity":70,"s:129:8:129:Infinity":71,"s:130:8:130:Infinity":72,"s:132:8:132:Infinity":73,"s:133:8:133:Infinity":74,"s:134:8:134:Infinity":75,"s:135:8:135:Infinity":76,"s:137:8:137:Infinity":77,"s:138:8:138:Infinity":78,"s:139:8:139:Infinity":79,"s:140:8:140:Infinity":80,"s:141:8:141:Infinity":81,"s:142:8:142:Infinity":82,"s:143:8:143:Infinity":83,"s:144:8:144:Infinity":84,"s:146:8:146:Infinity":85,"s:147:8:147:Infinity":86,"s:148:8:148:Infinity":87,"s:149:8:149:Infinity":88,"s:150:8:150:Infinity":89,"s:151:8:151:Infinity":90,"s:153:4:153:Infinity":91}}}
,"/home/tboutin/Documents/zeu/src/global.ts": {"path":"/home/tboutin/Documents/zeu/src/global.ts","statementMap":{"0":{"start":{"line":10,"column":28},"end":{"line":12,"column":null}}},"fnMap":{},"branchMap":{},"s":{"0":15},"f":{},"b":{},"meta":{"lastBranch":0,"lastFunction":0,"lastStatement":1,"seen":{"s:10:28:12:Infinity":0}}}
,"/home/tboutin/Documents/zeu/src/heartbeat.ts": {"path":"/home/tboutin/Documents/zeu/src/heartbeat.ts","statementMap":{"0":{"start":{"line":32,"column":22},"end":{"line":32,"column":null}},"1":{"start":{"line":34,"column":4},"end":{"line":34,"column":null}},"2":{"start":{"line":24,"column":2},"end":{"line":24,"column":null}},"3":{"start":{"line":25,"column":2},"end":{"line":25,"column":null}},"4":{"start":{"line":26,"column":2},"end":{"line":26,"column":null}},"5":{"start":{"line":27,"column":2},"end":{"line":27,"column":null}},"6":{"start":{"line":28,"column":2},"end":{"line":28,"column":null}},"7":{"start":{"line":29,"column":2},"end":{"line":29,"column":null}},"8":{"start":{"line":36,"column":4},"end":{"line":36,"column":null}},"9":{"start":{"line":40,"column":4},"end":{"line":40,"column":null}},"10":{"start":{"line":41,"column":4},"end":{"line":41,"column":null}},"11":{"start":{"line":42,"column":4},"end":{"line":42,"column":null}},"12":{"start":{"line":46,"column":4},"end":{"line":46,"column":null}},"13":{"start":{"line":48,"column":4},"end":{"line":48,"column":null}},"14":{"start":{"line":52,"column":4},"end":{"line":54,"column":null}},"15":{"start":{"line":53,"column":6},"end":{"line":53,"column":null}},"16":{"start":{"line":55,"column":4},"end":{"line":55,"column":null}},"17":{"start":{"line":59,"column":22},"end":{"line":59,"column":null}},"18":{"start":{"line":60,"column":22},"end":{"line":60,"column":null}},"19":{"start":{"line":62,"column":4},"end":{"line":64,"column":null}},"20":{"start":{"line":63,"column":6},"end":{"line":63,"column":null}},"21":{"start":{"line":65,"column":4},"end":{"line":70,"column":null}},"22":{"start":{"line":71,"column":4},"end":{"line":71,"column":null}},"23":{"start":{"line":75,"column":4},"end":{"line":79,"column":null}},"24":{"start":{"line":76,"column":6},"end":{"line":78,"column":null}},"25":{"start":{"line":77,"column":8},"end":{"line":77,"column":null}},"26":{"start":{"line":83,"column":4},"end":{"line":85,"column":null}},"27":{"start":{"line":84,"column":6},"end":{"line":84,"column":null}},"28":{"start":{"line":87,"column":16},"end":{"line":87,"column":null}},"29":{"start":{"line":88,"column":20},"end":{"line":88,"column":null}},"30":{"start":{"line":90,"column":4},"end":{"line":94,"column":null}},"31":{"start":{"line":91,"column":6},"end":{"line":91,"column":null}},"32":{"start":{"line":92,"column":6},"end":{"line":92,"column":null}},"33":{"start":{"line":93,"column":6},"end":{"line":93,"column":null}},"34":{"start":{"line":98,"column":4},"end":{"line":98,"column":null}},"35":{"start":{"line":102,"column":4},"end":{"line":102,"column":null}},"36":{"start":{"line":103,"column":4},"end":{"line":103,"column":null}},"37":{"start":{"line":106,"column":4},"end":{"line":106,"column":null}},"38":{"start":{"line":109,"column":4},"end":{"line":127,"column":null}},"39":{"start":{"line":109,"column":17},"end":{"line":109,"column":20}},"40":{"start":{"line":110,"column":16},"end":{"line":110,"column":null}},"41":{"start":{"line":112,"column":6},"end":{"line":125,"column":null}},"42":{"start":{"line":113,"column":8},"end":{"line":113,"column":null}},"43":{"start":{"line":114,"column":8},"end":{"line":114,"column":null}},"44":{"start":{"line":116,"column":8},"end":{"line":116,"column":null}},"45":{"start":{"line":118,"column":8},"end":{"line":118,"column":null}},"46":{"start":{"line":119,"column":8},"end":{"line":119,"column":null}},"47":{"start":{"line":120,"column":8},"end":{"line":120,"column":null}},"48":{"start":{"line":121,"column":8},"end":{"line":121,"column":null}},"49":{"start":{"line":122,"column":8},"end":{"line":122,"column":null}},"50":{"start":{"line":123,"column":8},"end":{"line":123,"column":null}},"51":{"start":{"line":124,"column":8},"end":{"line":124,"column":null}},"52":{"start":{"line":126,"column":6},"end":{"line":126,"column":null}},"53":{"start":{"line":129,"column":4},"end":{"line":131,"column":null}},"54":{"start":{"line":130,"column":6},"end":{"line":130,"column":null}}},"fnMap":{"0":{"name":"(anonymous_0)","decl":{"start":{"line":31,"column":2},"end":{"line":31,"column":14}},"loc":{"start":{"line":31,"column":62},"end":{"line":37,"column":null}},"line":31},"1":{"name":"(anonymous_1)","decl":{"start":{"line":39,"column":2},"end":{"line":39,"column":13}},"loc":{"start":{"line":39,"column":45},"end":{"line":43,"column":null}},"line":39},"2":{"name":"(anonymous_2)","decl":{"start":{"line":45,"column":2},"end":{"line":45,"column":20}},"loc":{"start":{"line":45,"column":20},"end":{"line":49,"column":null}},"line":45},"3":{"name":"(anonymous_3)","decl":{"start":{"line":51,"column":2},"end":{"line":51,"column":12}},"loc":{"start":{"line":51,"column":12},"end":{"line":56,"column":null}},"line":51},"4":{"name":"(anonymous_4)","decl":{"start":{"line":58,"column":2},"end":{"line":58,"column":7}},"loc":{"start":{"line":58,"column":32},"end":{"line":72,"column":null}},"line":58},"5":{"name":"(anonymous_5)","decl":{"start":{"line":74,"column":2},"end":{"line":74,"column":9}},"loc":{"start":{"line":74,"column":9},"end":{"line":80,"column":null}},"line":74},"6":{"name":"(anonymous_6)","decl":{"start":{"line":76,"column":32},"end":{"line":76,"column":38}},"loc":{"start":{"line":76,"column":38},"end":{"line":78,"column":9}},"line":76},"7":{"name":"(anonymous_7)","decl":{"start":{"line":82,"column":2},"end":{"line":82,"column":16}},"loc":{"start":{"line":82,"column":16},"end":{"line":95,"column":null}},"line":82},"8":{"name":"(anonymous_8)","decl":{"start":{"line":97,"column":2},"end":{"line":97,"column":25}},"loc":{"start":{"line":97,"column":25},"end":{"line":99,"column":null}},"line":97},"9":{"name":"(anonymous_9)","decl":{"start":{"line":101,"column":2},"end":{"line":101,"column":15}},"loc":{"start":{"line":101,"column":15},"end":{"line":132,"column":null}},"line":101}},"branchMap":{"0":{"loc":{"start":{"line":31,"column":30},"end":{"line":31,"column":62}},"type":"default-arg","locations":[{"start":{"line":31,"column":58},"end":{"line":31,"column":62}}],"line":31},"1":{"loc":{"start":{"line":32,"column":22},"end":{"line":32,"column":null}},"type":"binary-expr","locations":[{"start":{"line":32,"column":22},"end":{"line":32,"column":43}},{"start":{"line":32,"column":43},"end":{"line":32,"column":null}}],"line":32},"2":{"loc":{"start":{"line":39,"column":13},"end":{"line":39,"column":45}},"type":"default-arg","locations":[{"start":{"line":39,"column":41},"end":{"line":39,"column":45}}],"line":39},"3":{"loc":{"start":{"line":40,"column":18},"end":{"line":40,"column":null}},"type":"binary-expr","locations":[{"start":{"line":40,"column":18},"end":{"line":40,"column":35}},{"start":{"line":40,"column":35},"end":{"line":40,"column":null}}],"line":40},"4":{"loc":{"start":{"line":41,"column":22},"end":{"line":41,"column":null}},"type":"binary-expr","locations":[{"start":{"line":41,"column":22},"end":{"line":41,"column":44}},{"start":{"line":41,"column":44},"end":{"line":41,"column":null}}],"line":41},"5":{"loc":{"start":{"line":41,"column":44},"end":{"line":41,"column":null}},"type":"cond-expr","locations":[{"start":{"line":41,"column":57},"end":{"line":41,"column":76}},{"start":{"line":41,"column":76},"end":{"line":41,"column":null}}],"line":41},"6":{"loc":{"start":{"line":42,"column":29},"end":{"line":42,"column":null}},"type":"binary-expr","locations":[{"start":{"line":42,"column":29},"end":{"line":42,"column":57}},{"start":{"line":42,"column":57},"end":{"line":42,"column":null}}],"line":42},"7":{"loc":{"start":{"line":52,"column":4},"end":{"line":54,"column":null}},"type":"if","locations":[{"start":{"line":52,"column":4},"end":{"line":54,"column":null}},{"start":{},"end":{}}],"line":52},"8":{"loc":{"start":{"line":58,"column":7},"end":{"line":58,"column":32}},"type":"default-arg","locations":[{"start":{"line":58,"column":28},"end":{"line":58,"column":32}}],"line":58},"9":{"loc":{"start":{"line":59,"column":22},"end":{"line":59,"column":null}},"type":"binary-expr","locations":[{"start":{"line":59,"column":22},"end":{"line":59,"column":39}},{"start":{"line":59,"column":39},"end":{"line":59,"column":null}}],"line":59},"10":{"loc":{"start":{"line":59,"column":39},"end":{"line":59,"column":null}},"type":"cond-expr","locations":[{"start":{"line":59,"column":52},"end":{"line":59,"column":71}},{"start":{"line":59,"column":71},"end":{"line":59,"column":null}}],"line":59},"11":{"loc":{"start":{"line":60,"column":22},"end":{"line":60,"column":null}},"type":"binary-expr","locations":[{"start":{"line":60,"column":22},"end":{"line
[...]
tart":{"line":90,"column":4},"end":{"line":90,"column":null}},"40":{"start":{"line":92,"column":4},"end":{"line":92,"column":null}},"41":{"start":{"line":96,"column":4},"end":{"line":96,"column":null}},"42":{"start":{"line":101,"column":48},"end":{"line":101,"column":null}},"43":{"start":{"line":103,"column":4},"end":{"line":110,"column":null}},"44":{"start":{"line":104,"column":23},"end":{"line":105,"column":null}},"45":{"start":{"line":107,"column":6},"end":{"line":107,"column":null}},"46":{"start":{"line":108,"column":6},"end":{"line":108,"column":null}},"47":{"start":{"line":109,"column":6},"end":{"line":109,"column":null}},"48":{"start":{"line":113,"column":4},"end":{"line":114,"column":null}},"49":{"start":{"line":117,"column":4},"end":{"line":117,"column":null}},"50":{"start":{"line":118,"column":4},"end":{"line":118,"column":null}},"51":{"start":{"line":119,"column":4},"end":{"line":119,"column":null}},"52":{"start":{"line":120,"column":4},"end":{"line":120,"column":null}},"53":{"start":{"line":121,"column":4},"end":{"line":121,"column":null}},"54":{"start":{"line":122,"column":4},"end":{"line":122,"column":null}},"55":{"start":{"line":125,"column":4},"end":{"line":125,"column":null}},"56":{"start":{"line":126,"column":4},"end":{"line":126,"column":null}},"57":{"start":{"line":127,"column":4},"end":{"line":127,"column":null}},"58":{"start":{"line":130,"column":20},"end":{"line":130,"column":null}},"59":{"start":{"line":132,"column":4},"end":{"line":132,"column":null}},"60":{"start":{"line":134,"column":4},"end":{"line":136,"column":null}},"61":{"start":{"line":135,"column":6},"end":{"line":135,"column":null}},"62":{"start":{"line":140,"column":4},"end":{"line":141,"column":null}},"63":{"start":{"line":142,"column":4},"end":{"line":143,"column":null}},"64":{"start":{"line":147,"column":4},"end":{"line":148,"column":null}},"65":{"start":{"line":149,"column":4},"end":{"line":150,"column":null}},"66":{"start":{"line":154,"column":18},"end":{"line":154,"column":null}},"67":{"start":{"line":156,"column":4},"end":{"line":158,"column":null}},"68":{"start":{"line":160,"column":4},"end":{"line":161,"column":null}},"69":{"start":{"line":163,"column":4},"end":{"line":164,"column":null}},"70":{"start":{"line":168,"column":12},"end":{"line":168,"column":null}},"71":{"start":{"line":170,"column":4},"end":{"line":170,"column":null}},"72":{"start":{"line":172,"column":4},"end":{"line":180,"column":null}},"73":{"start":{"line":173,"column":6},"end":{"line":173,"column":null}},"74":{"start":{"line":174,"column":6},"end":{"line":174,"column":null}},"75":{"start":{"line":175,"column":4},"end":{"line":180,"column":null}},"76":{"start":{"line":176,"column":6},"end":{"line":176,"column":null}},"77":{"start":{"line":177,"column":6},"end":{"line":177,"column":null}},"78":{"start":{"line":179,"column":6},"end":{"line":179,"column":null}},"79":{"start":{"line":182,"column":4},"end":{"line":182,"column":null}},"80":{"start":{"line":183,"column":4},"end":{"line":184,"column":null}},"81":{"start":{"line":185,"column":4},"end":{"line":185,"column":null}},"82":{"start":{"line":186,"column":4},"end":{"line":186,"column":null}},"83":{"start":{"line":190,"column":4},"end":{"line":190,"column":null}}},"fnMap":{"0":{"name":"(anonymous_0)","decl":{"start":{"line":54,"column":2},"end":{"line":54,"column":14}},"loc":{"start":{"line":54,"column":64},"end":{"line":68,"column":null}},"line":54},"1":{"name":"(anonymous_1)","decl":{"start":{"line":70,"column":2},"end":{"line":70,"column":13}},"loc":{"start":{"line":70,"column":47},"end":{"line":93,"column":null}},"line":70},"2":{"name":"(anonymous_2)","decl":{"start":{"line":95,"column":2},"end":{"line":95,"column":25}},"loc":{"start":{"line":95,"column":25},"end":{"line":97,"column":null}},"line":95},"3":{"name":"(anonymous_3)","decl":{"start":{"line":99,"column":2},"end":{"line":99,"column":15}},"loc":{"start":{"line":99,"column":15},"end":{"line":137,"column":null}},"line":99},"4":{"name":"(anonymous_4)","decl":{"start":{"line":139,"column":2},"end":{"line":139,"column":12}},"loc":{"start":{"line":139,"column":12},"end":{"line":144,"column":null}},"line":139},"5":{"name":"(anonymous_5)","decl":{"start":{"line":146,"column":2},"end":{"line":146,"column":12}},"loc":{"start":{"line":146,"column":12},"end":{"line":151,"column":null}},"line":146},"6":{"name":"(anonymous_6)","decl":{"start":{"line":153,"column":2},"end":{"line":153,"column":15}},"loc":{"start":{"line":153,"column":15},"end":{"line":165,"column":null}},"line":153},"7":{"name":"(anonymous_7)","decl":{"start":{"line":167,"column":6},"end":{"line":167,"column":12}},"loc":{"start":{"line":167,"column":27},"end":{"line":187,"column":null}},"line":167},"8":{"name":"(anonymous_8)","decl":{"start":{"line":189,"column":6},"end":{"line":189,"column":22}},"loc":{"start":{"line":189,"column":22},"end":{"line":191,"column":null}},"line":189}},"branchMap":{"0":{"loc":{"start":{"line":54,"column":30},"end":{"line":54,"column":64}},"type":"default-arg","locations":[{"start":{"line":54,"column":60},"end":{"line":54,"column":64}}],"line":54},"1":{"loc":{"start":{"line":55,"column":23},"end":{"line":55,"column":null}},"type":"binary-expr","locations":[{"start":{"line":55,"column":23},"end":{"line":55,"column":45}},{"start":{"line":55,"column":45},"end":{"line":55,"column":null}}],"line":55},"2":{"loc":{"start":{"line":70,"column":13},"end":{"line":70,"column":47}},"type":"default-arg","locations":[{"start":{"line":70,"column":43},"end":{"line":70,"column":47}}],"line":70},"3":{"loc":{"start":{"line":71,"column":16},"end":{"line":71,"column":null}},"type":"binary-expr","locations":[{"start":{"line":71,"column":16},"end":{"line":71,"column":31}},{"start":{"line":71,"column":31},"end":{"line":71,"column":null}}],"line":71},"4":{"loc":{"start":{"line":72,"column":16},"end":{"line":72,"column":null}},"type":"binary-expr","locations":[{"start":{"line":72,"column":16},"end":{"line":72,"column":31}},{"start":{"line":72,"column":31},"end":{"line":72,"column":null}}],"line":72},"5":{"loc":{"start":{"line":73,"column":16},"end":{"line":73,"column":null}},"type":"binary-expr","locations":[{"start":{"line":73,"column":16},"end":{"line":73,"column":31}},{"start":{"line":73,"column":31},"end":{"line":73,"column":null}}],"line":73},"6":{"loc":{"start":{"line":74,"column":19},"end":{"line":74,"column":null}},"type":"binary-expr","locations":[{"start":{"line":74,"column":19},"end":{"line":74,"column":37}},{"start":{"line":74,"column":37},"end":{"line":74,"column":null}}],"line":74},"7":{"loc":{"start":{"line":76,"column":25},"end":{"line":76,"column":null}},"type":"binary-expr","locations":[{"start":{"line":76,"column":25},"end":{"line":76,"column":43}},{"start":{"line":76,"column":43},"end":{"line":76,"column":null}}],"line":76},"8":{"loc":{"start":{"line":76,"column":43},"end":{"line":76,"column":null}},"type":"cond-expr","locations":[{"start":{"line":76,"column":56},"end":{"line":76,"column":75}},{"start":{"line":76,"column":75},"end":{"line":76,"column":null}}],"line":76},"9":{"loc":{"start":{"line":77,"column":21},"end":{"line":77,"column":null}},"type":"cond-expr","locations":[{"start":{"line":77,"column":47},"end":{"line":77,"column":59}},{"start":{"line":77,"column":59},"end":{"line":77,"column":null}}],"line":77},"10":{"loc":{"start":{"line":78,"column":23},"end":{"line":78,"column":null}},"type":"binary-expr","locations":[{"start":{"line":78,"column":23},"end":{"line":78,"column":39}},{"start":{"line":78,"column":39},"end":{"line":78,"column":null}}],"line":78},"11":{"loc":{"start":{"line":78,"column":39},"end":{"line":78,"column":null}},"type":"cond-expr","locations":[{"start":{"line":78,"column":52},"end":{"line":78,"column":69}},{"start":{"line":78,"column":69},"end":{"line":78,"column":null}}],"line":78},"12":{"loc":{"start":{"line":80,"column":25},"end":{"line":80,"column":null}},"type":"binary-expr","locations":[{"start":{"line":80,"column":25},"end":{"line":80,"column":43}},{"start":{"line":80,"column":43},"end":{"line":80,"column":null}}],"line":80},"13":{"loc":{"start":{"line":80,"column":43},"end":{"line":80,"column":null}},"type":"cond-expr","locations":[{"start":{"line":80,"column":56},"end":{"line":80,"column":75}},{"start":{"line":80,"column":75},"end":{"line":80,"column":null}}],"line":80},"14":{"loc":{"start":{"line":81,"column":21},"end":{"line":81,"column":null}},"type":"cond-expr","locations":[{"start":{"line":81,"column":47},"end":{"line":81,"column":59}},{"start":{"line":81,"column":59},"end":{"line":81,"column":null}}],"line":81},"15":{"loc":{"start":{"line":82,"column":23},"end":{"line":82,"column":null}},"type":"binary-expr","locations":[{"start":{"line":82,"column":23},"end":{"line":82,"column":39}},{"start":{"line":82,"column":39},"end":{"line":82,"column":null}}],"line":82},"16":{"loc":{"start":{"line":82,"column":39},"end":{"line":82,"column":null}},"type":"cond-expr","locations":[{"start":{"line":82,"column":52},"end":{"line":82,"column":70}},{"start":{"line":82,"column":70},"end":{"line":82,"column":null}}],"line":82},"17":{"loc":{"start":{"line":84,"column":27},"end":{"line":84,"column":null}},"type":"binary-expr","locations":[{"start":{"line":84,"column":27},"end":{"line":84,"column":47}},{"start":{"line":84,"column":47},"end":{"line":84,"column":null}}],"line":84},"18":{"loc":{"start":{"line":84,"column":47},"end":{"line":84,"column":null}},"type":"cond-expr","locations":[{"start":{"line":84,"column":60},"end":{"line":84,"column":79}},{"start":{"line":84,"column":79},"end":{"line":84,"column":null}}],"line":84},"19":{"loc":{"start":{"line":85,"column":24},"end":{"line":85,"column":null}},"type":"binary-expr","locations":[{"start":{"line":85,"column":24},"end":{"line":85,"column":42}},{"start":{"line":85,"column":42},"end":{"line":85,"column":null}}],"line":85},"20":{"loc":{"start":{"line":85,"column":42},"end":{"line":85,"column":null}},"type":"cond-expr","locations":[{"start":{"line":85,"column":55},"end":{"line":85,"column":74}},{"start":{"line":85,"column":74},"end":{"line":85,"column":null}}],"line":85},"21":{"loc":{"start":{"line":86,"column":23},"end":{"line":86,"column":null}},"type":"binary-expr","locations":[{"start":{"line":86,"column":23},"end":{"line":86,"column":39}},{"start":{"line":86,"column":39},"end":{"line":86,"column":null}}],"line":86},"22":{"loc":{"start":{"line":87,"column":18},"end":{"line":87,"column":null}},"type":"binary-expr","locations":[{"start":{"line":87,"column":18},"end":{"line":87,"column":31}},{"start":{"line":87,"column":31},"end":{"line":87,"column":null}}],"line":87},"23":{"loc":{"start":{"line":89,"column":25},"end":{"line":89,"column":null}},"type":"binary-expr","locations":[{"start":{"line":89,"column":25},"end":{"line":89,"column":44}},{"start":{"line":89,"column":44},"end":{"line":89,"column":null}}],"line":89},"24":{"loc":{"start":{"line":89,"column":44},"end":{"line":89,"column":null}},"type":"cond-expr","locations":[{"start":{"line":89,"column":57},"end":{"line":89,"column":77}},{"start":{"line":89,"column":77},"end":{"line":89,"column":null}}],"line":89},"25":{"loc":{"start":{"line":90,"column":28},"end":{"line":90,"column":null}},"type":"binary-expr","locations":[{"start":{"line":90,"column":28},"end":{"line":90,"column":49}},{"start":{"line":90,"column":49},"end":{"line":90,"column":null}}],"line":90},"26":{"loc":{"start":{"line":90,"column":49},"end":{"line":90,"column":null}},"type":"cond-expr","locations":[{"start":{"line":90,"column":62},"end":{"line":90,"column":81}},{"start":{"line":90,"column":81},"end":{"line":90,"column":null}}],"line":90},"27":{"loc":{"start":{"line":92,"column":26},"end":{"line":92,"column":null}},"type":"binary-expr","locations":[{"start":{"line":92,"column":26},"end":{"line":92,"column":43}},{"start":{"line":92,"column":43},"end":{"line":92,"column":null}}],"line":92},"28":{"loc":{"start":{"line":103,"column":4},"end":{"line":110,"column":null}},"type":"if","locations":[{"start":{"line":103,"column":4},"end":{"line":110,"column":null}},{"start":{},"end":{}}],"line":103},"29":{"loc":{"start":{"line":134,"column":4},"end":{"line":136,"column":null}},"type":"if","locations":[{"start":{"line":134,"column":4},"end":{"line":136,"column":null}},{"start":{},"end":{}}],"line":134},"30":{"loc":{"start":{"line":154,"column":18},"end":{"line":154,"column":null}},"type":"cond-expr","locations":[{"start":{"line":154,"column":70},"end":{"line":154,"column":90}},{"start":{"line":154,"column":90},"end":{"line":154,"column":null}}],"line":154},"31":{"loc":{"start":{"line":154,"column":18},"end":{"line":154,"column":70}},"type":"binary-expr","locations":[{"start":{"line":154,"column":18},"end":{"line":154,"column":44}},{"start":{"line":154,"column":44},"end":{"line":154,"column":70}}],"line":154},"32":{"loc":{"start":{"line":172,"column":4},"end":{"line":180,"column":null}},"type":"if","locations":[{"start":{"line":172,"column":4},"end":{"line":180,"column":null}},{"start":{"line":175,"column":4},"end":{"line":180,"column":null}}],"line":172},"33":{"loc":{"start":{"line":175,"column":4},"end":{"line":180,"column":null}},"type":"if","locations":[{"start":{"line":175,"column":4},"end":{"line":180,"column":null}},{"start":{"line":178,"column":11},"end":{"line":180,"column":null}}],"line":175},"34":{"loc":{"start":{"line":182,"column":18},"end":{"line":182,"column":null}},"type":"cond-expr","locations":[{"start":{"line":182,"column":44},"end":{"line":182,"column":68}},{"start":{"line":182,"column":68},"end":{"line":182,"column":null}}],"line":182}},"s":{"0":3,"1":3,"2":3,"3":3,"4":3,"5":3,"6":3,"7":3,"8":3,"9":3,"10":3,"11":3,"12":3,"13":3,"14":3,"15":3,"16":3,"17":3,"18":3,"19":3,"20":3,"21":3,"22":3,"23":3,"24":3,"25":3,"26":3,"27":3,"28":3,"29":3,"30":3,"31":3,"32":3,"33":3,"34":3,"35":3,"36":3,"37":3,"38":3,"39":3,"40":3,"41":1,"42":1,"43":1,"44":0,"45":0,"46":0,"47":0,"48":1,"49":1,"50":1,"51":1,"52":1,"53":1,"54":1,"55":1,"56":1,"57":1,"58":1,"59":1,"60":1,"61":1,"62":1,"63":1,"64":1,"65":1,"66":1,"67":1,"68":1,"69":1,"70":3,"71":3,"72":3,"73":2,"74":2,"75":1,"76":1,"77":1,"78":0,"79":3,"80":3,"81":3,"82":3,"83":1},"f":{"0":3,"1":3,"2":1,"3":1,"4":1,"5":1,"6":1,"7":3,"8":1},"b":{"0":[3],"1":[3,3],"2":[3],"3":[3,2],"4":[3,2],"5":[3,3],"6":[3,3],"7":[3,3],"8":[3,0],"9":[1,2],"10":[3,3],"11":[3,0],"12":[3,3],"13":[3,0],"14":[1,2],"15":[3,3],"16":[3,0],"17":[3,3],"18":[3,0],"19":[3,3],"20":[3,0],"21":[3,3],"22":[3,3],"23":[3,3],"24":[3,0],"25":[3,3],"26":[3,0],"27":[3,3],"28":[0,1],"29":[1,0],"30":[1,0],"31":[1,0],"32":[2,1],"33":[1,0],"34":[1,2]},"meta":{"lastBranch":35,"lastFunction":9,"lastStatement":84,"seen":{"f:54:2:54:14":0,"b:54:60:54:64":0,"s:55:23:55:Infinity":0,"b:55:23:55:45:55:45:55:Infinity":1,"s:57:4:57:Infinity":1,"s:30:2:30:Infinity":2,"s:31:2:31:Infinity":3,"s:32:2:32:Infinity":4,"s:37:2:37:Infinity":5,"s:38:2:38:Infinity":6,"s:42:2:42:Infinity":7,"s:43:2:43:Infinity":8,"s:44:2:44:Infinity":9,"s:45:2:45:Infinity":10,"s:46:2:46:Infinity":11,"s:47:2:47:Infinity":12,"s:48:2:48:Infinity":13,"s:49:2:49:Infinity":14,"s:50:2:50:Infinity":15,"s:51:2:51:Infinity":16,"s:52:2:52:Infinity":17,"s:59:4:59:Infinity":18,"s:60:4:60:Infinity":19,"s:61:4:61:Infinity":20,"s:63:4:63:Infinity":21,"s:65:4:66:Infinity":22,"s:67:4:67:Infinity":23,"f:70:2:70:13":1,"b:70:43:70:47":2,"s:71:16:71:Infinity":24,"b:71:16:71:31:71:31:71:Infinity":3,"s:72:16:72:Infinity":25,"b:72:16:72:31:72:31:72:Infinity":4,"s:73:16:73:Infinity":26,"b:73:16:73:31:73:31:73:Infinity":5,"s:74:19:74:Infinity":27,"b:74:19:74:37:74:37:74:Infinity":6,"s:76:4:76:Infinity":28,"b:76:25:76:43:76:43:76:Infinity":7,"b:76:56:76:75:76:75:76:Infinity":8,"s:77:4:77:Infinity":29,"b:77:47:77:59:77:59:77:Infinity":9,"s:78:4:78:Infinity":30,"b:78:23:78:39:78:39:78:Infinity":10,"b:78:52:78:69:78:69:78:Infinity":11,"s:80:4:80:Infinity":31,"b:80:25:80:43:80:43:80:Infinity":12,"b:80:56:80:75:80:75:80:Infinity":13,"s:81:4:81:Infinity":32,"b:81:47:81:59:81:59:81:Infinity":14,"s:82:4:82:Infinity":33,"b:82:23:82:39:82:39:82:Infinity":15,"b:82:52:82:70:82:70:82:Infinity":16,"s:84:4:84:Infinity":34,"b:84:27:84:47:84:47:84:Infinity":17,"b:84:60:84:79:84:79:84:Infinity":18,"s:85:4:85:Infinity":35,"b:85:24:85:42:85:42:85:Infinity":19,"b:85:55:85:74:85:74:85:Infinity":20,"s:86:4:86:Infinity":36,"b:86:23:86:39:86:39:86:Infinity":21,"s:87:4:87:Infinity":37,"b:87:18:87:31:87:31:87:Infinity":22,"s:89:4:89:Infinity":38,"b:89:25:89:44:89:44:89:Infinity":23,"b:89:57:89:77:89:77:89:Infinity":24,"s:90:4:90:Infinity":39,"b:90:28:90:49:90:49:90:Infinity":25,"b:90:62:90:81:90:81:90:Infinity":26,"s:92:4:92:Infinity":40,"b:92:26:92:43:92:43:92:Infinity":27,"f:95:2:95:25":2,"s:96:4:96:Infinity":41,"f:99:2:99:15":3,"s:101:48:101:Infinity":42,"b:103:4:110:Infinity:undefined:undefined:undefined:undefined":28,"s:103:4:110:Infinity":43,"s:104:23:105:Infinity":44,"s:107:6:107:Infinity":45,"s:108:6:108:Infinity":46,"s:109:6:109:Infinity":47,"s:113:4:114:Infinity":48,"s:117:4:117:Infinity":49,"s:118:4:118:Infinity":50,"s:119:4:119:Infinity":51,"s:120:4:120:Infinity":52,"s:121:4:121:Infinity":53,"s:122:4:122:Infinity":54,"s:125:4:125:Infinity":55,"s:126:4:126:Infinity":56,"s:127:4:127:Infinity":57,"s:130:20:130:Infinity":58,"s:132:4:132:Infinity":59,"b:134:4:136:Infinity:undefined:undefined:undefined:undefined":29,"s:134:4:136:Infinity":60,"s:135:6:135:Infinity":61,"f:139:2:139:12":4,"s:140:4:141:Infinity":62,"s:142:4:143:Infinity":63,"f:146:2:146:12":5,"s:147:4:148:Infinity":64,"s:149:4:150:Infinity":65,"f:153:2:153:15":6,"s:154:18:154:Infinity":66,"b:154:70:154:90:154:90:154:Infinity":30,"b:154:18:154:44:154:44:154:70":31,"s:156:4:158:Infinity":67,"s:160:4:161:Infinity":68,"s:163:4:164:Infinity":69,"f:167:6:167:12":7,"s:168:12:168:Infinity":70,"s:170:4:170:Infinity":71,"b:172:4:180:Infinity:175:4:180:Infinity":32,"s:172:4:180:Infinity":72,"s:173:6:173:Infinity":73,"s:174:6:174:Infinity":74,"b:175:4:180:Infinity:178:11:180:Infinity":33,"s:175:4:180:Infinity":75,"s:176:6:176:Infinity":76,"s:177:6:177:Infinity":77,"s:179:6:179:Infinity":78,"s:182:4:182:Infinity":79,"b:182:44:182:68:182:68:182:Infinity":34,"s:183:4:184:Infinity":80,"s:185:4:185:Infinity":81,"s:186:4:186:Infinity":82,"f:189:6:189:22":8,"s:190:4:190:Infinity":83}}}
,"/home/tboutin/Documents/zeu/src/__tests__/test-helper.ts": {"path":"/home/tboutin/Documents/zeu/src/__tests__/test-helper.ts","statementMap":{"0":{"start":{"line":4,"column":18},"end":{"line":30,"column":null}},"1":{"start":{"line":33,"column":2},"end":{"line":33,"column":null}},"2":{"start":{"line":34,"column":2},"end":{"line":44,"column":null}},"3":{"start":{"line":46,"column":17},"end":{"line":46,"column":null}},"4":{"start":{"line":47,"column":2},"end":{"line":47,"column":null}},"5":{"start":{"line":48,"column":2},"end":{"line":48,"column":null}},"6":{"start":{"line":50,"column":2},"end":{"line":50,"column":null}}},"fnMap":{"0":{"name":"setupCanvas","decl":{"start":{"line":3,"column":16},"end":{"line":3,"column":28}},"loc":{"start":{"line":3,"column":67},"end":{"line":51,"column":null}},"line":3},"1":{"name":"(anonymous_1)","decl":{"start":{"line":43,"column":12},"end":{"line":43,"column":18}},"loc":{"start":{"line":43,"column":18},"end":{"line":43,"column":null}},"line":43}},"branchMap":{"0":{"loc":{"start":{"line":3,"column":40},"end":{"line":3,"column":53}},"type":"default-arg","locations":[{"start":{"line":3,"column":48},"end":{"line":3,"column":53}}],"line":3},"1":{"loc":{"start":{"line":3,"column":53},"end":{"line":3,"column":67}},"type":"default-arg","locations":[{"start":{"line":3,"column":62},"end":{"line":3,"column":67}}],"line":3}},"s":{"0":43,"1":43,"2":43,"3":43,"4":43,"5":43,"6":43},"f":{"0":43,"1":0},"b":{"0":[43],"1":[43]},"meta":{"lastBranch":2,"lastFunction":2,"lastStatement":7,"seen":{"f:3:16:3:28":0,"b:3:48:3:53":0,"b:3:62:3:67":1,"s:4:18:30:Infinity":0,"s:33:2:33:Infinity":1,"s:34:2:44:Infinity":2,"f:43:12:43:18":1,"s:46:17:46:Infinity":3,"s:47:2:47:Infinity":4,"s:48:2:48:Infinity":5,"s:50:2:50:Infinity":6}}}
}
